"../../../UWOT_PREALPHA/Content/AssetTests/StarterMapTestingGround_BuiltData.uasset" 0
"../../../Engine/Content/Functions/Engine_MaterialFunctions02/Utility/BreakOutFloat2Components.uasset" 1
"../../../Engine/Content/Functions/Engine_MaterialFunctions02/Utility/MakeFloat2.uasset" 2
"../../../UWOT_PREALPHA/Content/StarterContent/Textures/T_MacroVariation.uasset" 3
"../../../UWOT_PREALPHA/Content/StarterContent/Textures/T_Perlin_Noise_M.uasset" 4
"../../../UWOT_PREALPHA/Content/StarterContent/Textures/T_Rock_Basalt_D.uasset" 5
"../../../UWOT_PREALPHA/Content/StarterContent/Textures/T_Rock_Basalt_N.uasset" 6
"../../../UWOT_PREALPHA/Content/CastlePieces/materials/M_Rock_Basalt_UVSCALABLE.uasset" 7
"../../../UWOT_PREALPHA/Content/CastlePieces/materials/TowerCornerBasaltLessTile.uasset" 8
"../../../UWOT_PREALPHA/Content/AssetTests/Generation_1/1WindowedWall.uasset" 9
"../../../UWOT_PREALPHA/Content/AssetTests/Generation_1/2WindowSmallWall.uasset" 10
"../../../Engine/Content/Functions/Engine_MaterialFunctions02/Texturing/CustomRotator.uasset" 11
"../../../UWOT_PREALPHA/Content/StarterContent/Textures/T_Wood_Oak_D.uasset" 12
"../../../UWOT_PREALPHA/Content/StarterContent/Textures/T_Wood_Oak_N.uasset" 13
"../../../UWOT_PREALPHA/Content/StarterContent/Textures/T_Wood_Pine_D.uasset" 14
"../../../UWOT_PREALPHA/Content/AssetTests/Generation_1/M_Wood_OakUVSCALABle.uasset" 15
"../../../UWOT_PREALPHA/Content/AssetTests/Generation_1/M_Wood_OakUVSCALABle_Inst1.uasset" 16
"../../../UWOT_PREALPHA/Content/AssetTests/Generation_1/ARENA_0_Castle_0_BakeryRoofWallFloorblend.uasset" 17
"../../../UWOT_PREALPHA/Content/AssetTests/Generation_1/Base_mat.uasset" 18
"../../../UWOT_PREALPHA/Content/AssetTests/Generation_1/Castle1LowerHalf.uasset" 19
"../../../UWOT_PREALPHA/Content/AssetTests/Generation_1/Castle1UpperHalf.uasset" 20
"../../../UWOT_PREALPHA/Content/CastlePieces/materials/TowerCornerBasalt.uasset" 21
"../../../UWOT_PREALPHA/Content/AssetTests/Generation_1/CastleSeg2InwardsFacingWallTallSmallerCrenel.uasset" 22
"../../../UWOT_PREALPHA/Content/AssetTests/Generation_1/Castleworks_2_side_01_2_Cube_003.uasset" 23
"../../../UWOT_PREALPHA/Content/AssetTests/Generation_1/Castleworks_Arch.uasset" 24
"../../../UWOT_PREALPHA/Content/AssetTests/Generation_1/Castleworks_Arch2.uasset" 25
"../../../UWOT_PREALPHA/Content/AssetTests/Generation_1/Castleworks_Arch3_square.uasset" 26
"../../../UWOT_PREALPHA/Content/AssetTests/Generation_1/Castleworks_Arch_Entrance.uasset" 27
"../../../UWOT_PREALPHA/Content/AssetTests/Generation_1/Castleworks_Arch_Entrance_reinforce.uasset" 28
"../../../Engine/Content/Functions/Engine_MaterialFunctions01/Opacity/CameraDepthFade.uasset" 29
"../../../Engine/Content/EngineMaterials/T_Default_Material_Grid_M.uasset" 30
"../../../Engine/Content/EngineMaterials/T_Default_Material_Grid_N.uasset" 31
"../../../Engine/Content/EngineMaterials/WorldGridMaterial.uasset" 32
"../../../UWOT_PREALPHA/Content/AssetTests/Generation_1/DorTing.uasset" 33
"../../../UWOT_PREALPHA/Content/AssetTests/Generation_1/EntryWaySmall.uasset" 34
"../../../UWOT_PREALPHA/Content/CastlePieces/materials/TowerCornerBasaltMoreTile.uasset" 35
"../../../UWOT_PREALPHA/Content/AssetTests/Generation_1/FM_ARENA_0_Castle_0_side2.uasset" 36
"../../../UWOT_PREALPHA/Content/AssetTests/Generation_1/FM_ARENA_0_Castle_0_side2_cut.uasset" 37
"../../../UWOT_PREALPHA/Content/AssetTests/Generation_1/FM_ARENA_0_Castle_0_sideTopFrontHalf.uasset" 38
"../../../UWOT_PREALPHA/Content/AssetTests/Generation_1/FM_ARENA_0_Castle_0_side_CrenelsLongerCut.uasset" 39
"../../../UWOT_PREALPHA/Content/AssetTests/Generation_1/FM_ARENA_0_Castle_0_side_crenels_cut.uasset" 40
"../../../UWOT_PREALPHA/Content/AssetTests/Generation_1/FM_ARENA_0_Castle_0_side_cut.uasset" 41
"../../../UWOT_PREALPHA/Content/AssetTests/Generation_1/FM_CastleSeg2V2NoCrenelnwards.uasset" 42
"../../../UWOT_PREALPHA/Content/AssetTests/Generation_1/FM_CastleSeg2V2VrenelOnly.uasset" 43
"../../../UWOT_PREALPHA/Content/AssetTests/Generation_1/FM_CastleSeg2V2VrenelOnlyShorter.uasset" 44
"../../../UWOT_PREALPHA/Content/AssetTests/Generation_1/FM_CrenelTowerTopEdge.uasset" 45
"../../../UWOT_PREALPHA/Content/AssetTests/Generation_1/FM_TowerSideTest.uasset" 46
"../../../UWOT_PREALPHA/Content/AssetTests/Generation_1/LongishWall.uasset" 47
"../../../UWOT_PREALPHA/Content/AssetTests/Generation_1/LongWall.uasset" 48
"../../../UWOT_PREALPHA/Content/AssetTests/Generation_1/Material_001.uasset" 49
"../../../UWOT_PREALPHA/Content/AssetTests/Generation_1/Material_002.uasset" 50
"../../../UWOT_PREALPHA/Content/AssetTests/Generation_1/Material_003.uasset" 51
"../../../UWOT_PREALPHA/Content/AssetTests/Generation_1/Material_004.uasset" 52
"../../../UWOT_PREALPHA/Content/AssetTests/Generation_1/Material_005.uasset" 53
"../../../UWOT_PREALPHA/Content/AssetTests/Generation_1/Material_006.uasset" 54
"../../../UWOT_PREALPHA/Content/AssetTests/Generation_1/Material_007.uasset" 55
"../../../UWOT_PREALPHA/Content/AssetTests/Generation_1/Material_008.uasset" 56
"../../../UWOT_PREALPHA/Content/AssetTests/Generation_1/Material_009.uasset" 57
"../../../UWOT_PREALPHA/Content/AssetTests/Generation_1/Material_010.uasset" 58
"../../../UWOT_PREALPHA/Content/AssetTests/Generation_1/Material_011.uasset" 59
"../../../UWOT_PREALPHA/Content/AssetTests/Generation_1/Material_012.uasset" 60
"../../../UWOT_PREALPHA/Content/AssetTests/Generation_1/Material_014.uasset" 61
"../../../UWOT_PREALPHA/Content/AssetTests/Generation_1/M_Wood_OakUVSCALABle_Inst.uasset" 62
"../../../UWOT_PREALPHA/Content/AssetTests/Generation_1/nowindowwall.uasset" 63
"../../../UWOT_PREALPHA/Content/AssetTests/Generation_1/nowindowwall_crenel.uasset" 64
"../../../UWOT_PREALPHA/Content/AssetTests/Generation_1/Piece_1.uasset" 65
"../../../UWOT_PREALPHA/Content/AssetTests/Generation_1/Piece_2.uasset" 66
"../../../UWOT_PREALPHA/Content/AssetTests/Generation_1/Piece_3.uasset" 67
"../../../UWOT_PREALPHA/Content/AssetTests/Generation_1/SideSegmentWallOuter_0.uasset" 68
"../../../UWOT_PREALPHA/Content/AssetTests/Generation_1/SideSegmentWallOuter_Crenels_0.uasset" 69
"../../../UWOT_PREALPHA/Content/AssetTests/Generation_1/side_0_cut_0.uasset" 70
"../../../UWOT_PREALPHA/Content/AssetTests/Generation_1/SmallDoor.uasset" 71
"../../../UWOT_PREALPHA/Content/AssetTests/Generation_1/Stairs.uasset" 72
"../../../UWOT_PREALPHA/Content/AssetTests/Generation_1/StarterMapTestingGround_BuiltData.uasset" 73
"../../../Engine/Content/EditorBlueprintResources/StandardMacros.uasset" 74
"../../../UWOT_PREALPHA/Content/System/LobbygameState.uasset" 75
"../../../UWOT_PREALPHA/Content/System/LobbyHud.uasset" 76
"../../../UWOT_PREALPHA/Content/System/LobbyPlayerController.uasset" 77
"../../../UWOT_PREALPHA/Content/AssetTests/Generation_1/TestLobbyGameMode.uasset" 78
"../../../UWOT_PREALPHA/Content/AssetTests/Generation_1/test_top.uasset" 79
"../../../UWOT_PREALPHA/Content/AssetTests/Generation_1/TowerCorner.uasset" 80
"../../../UWOT_PREALPHA/Content/AssetTests/Generation_1/towerentry.uasset" 81
"../../../UWOT_PREALPHA/Content/AssetTests/Generation_1/towerentry1.uasset" 82
"../../../UWOT_PREALPHA/Content/AssetTests/Generation_1/TowerPieceSlotless.uasset" 83
"../../../UWOT_PREALPHA/Content/AssetTests/Generation_1/TowerSide_0.uasset" 84
"../../../UWOT_PREALPHA/Content/AssetTests/Generation_1/TowerSide_1.uasset" 85
"../../../UWOT_PREALPHA/Content/AssetTests/Generation_1/TT.uasset" 86
"../../../UWOT_PREALPHA/Content/AssetTests/Generation_1/tt22.uasset" 87
"../../../UWOT_PREALPHA/Content/AssetTests/Generation_1/TTlong.uasset" 88
"../../../UWOT_PREALPHA/Content/AssetTests/Generation_1/untitled.uasset" 89
"../../../UWOT_PREALPHA/Content/AssetTests/Generation_1/WallDoorCenter.uasset" 90
"../../../UWOT_PREALPHA/Content/AssetTests/Generation_1/WallPieceStairs.uasset" 91
"../../../UWOT_PREALPHA/Content/AssetTests/Generation_1/WallPieceStairs_NoTon.uasset" 92
"../../../UWOT_PREALPHA/Content/AssetTests/Generation_1/wallSegmentSmall.uasset" 93
"../../../UWOT_PREALPHA/Content/AssetTests/Generation_1/WallSupportPiece.uasset" 94
"../../../UWOT_PREALPHA/Content/AssetTests/Generation_1/WindowedWall.uasset" 95
"../../../UWOT_PREALPHA/Content/AssetTests/Generation_2/CurvedTowerStairsProto.uasset" 96
"../../../UWOT_PREALPHA/Content/AssetTests/Generation_2/MainHallStairsProto.uasset" 97
"../../../UWOT_PREALPHA/Content/AssetTests/Generation_2/TowerWoodenFloor_proto.uasset" 98
"../../../UWOT_PREALPHA/Content/AssetTests/Generation_2/Flow/LowResolutionFlowGrid.uasset" 99
"../../../UWOT_PREALPHA/Content/CastlePieces/ARENA_0_Castle_0_WoodFloorWall2Longplank.uasset" 100
"../../../UWOT_PREALPHA/Content/CastlePieces/Material_002.uasset" 101
"../../../UWOT_PREALPHA/Content/CastlePieces/Material_008.uasset" 102
"../../../UWOT_PREALPHA/Content/CastlePieces/Material_009.uasset" 103
"../../../UWOT_PREALPHA/Content/CastlePieces/Material_010.uasset" 104
"../../../UWOT_PREALPHA/Content/CastlePieces/Material_014.uasset" 105
"../../../UWOT_PREALPHA/Content/CastlePieces/SupportTriangleStoneLarge_0.uasset" 106
"../../../UWOT_PREALPHA/Content/CastlePieces/Material.uasset" 107
"../../../UWOT_PREALPHA/Content/CastlePieces/yy.uasset" 108
"../../../UWOT_PREALPHA/Content/CastlePieces/OuterWall_1/TT.uasset" 109
"../../../UWOT_PREALPHA/Content/CastlePieces/Pieces_of_1/backKeep.uasset" 110
"../../../UWOT_PREALPHA/Content/CastlePieces/Pieces_of_1/FM_ARENA_0_Castle_0_BackSide.uasset" 111
"../../../UWOT_PREALPHA/Content/CastlePieces/Pieces_of_2/TowerCornerBasalt.uasset" 112
"../../../Engine/Content/Functions/Engine_MaterialFunctions02/Math/TimeWithSpeedVariable.uasset" 113
"../../../Engine/Content/Functions/Engine_MaterialFunctions02/Utility/VectorToRadialValue.uasset" 114
"../../../UWOT_PREALPHA/Content/Elements/Air/Materials/T_Air_tile.uasset" 115
"../../../UWOT_PREALPHA/Content/Elements/Air/Materials/M_AirAltfireBurst.uasset" 116
"../../../UWOT_PREALPHA/Content/Elements/Air/Materials/M_AirAltfireBurst_Inst.uasset" 117
"../../../UWOT_PREALPHA/Content/Elements/Fire/Materials/T_Smoke_Tiled_D.uasset" 118
"../../../UWOT_PREALPHA/Content/Elements/Fire/Materials/M_FireBallMesh.uasset" 119
"../../../UWOT_PREALPHA/Content/StarterContent/Textures/T_Fire_SubUV.uasset" 120
"../../../UWOT_PREALPHA/Content/StarterContent/Textures/T_Fire_Tiled_D.uasset" 121
"../../../UWOT_PREALPHA/Content/StarterContent/Particles/Materials/M_Fire_SubUV.uasset" 122
"../../../UWOT_PREALPHA/Content/StarterContent/Textures/T_Water_N.uasset" 123
"../../../UWOT_PREALPHA/Content/StarterContent/Particles/Materials/M_Heat_Distortion.uasset" 124
"../../../Engine/Content/Functions/Engine_MaterialFunctions01/Gradient/RadialGradient.uasset" 125
"../../../UWOT_PREALPHA/Content/StarterContent/Particles/Materials/M_Radial_Gradient.uasset" 126
"../../../UWOT_PREALPHA/Content/StarterContent/Textures/T_Smoke_SubUV.uasset" 127
"../../../UWOT_PREALPHA/Content/StarterContent/Textures/T_Smoke_Tiled_D.uasset" 128
"../../../UWOT_PREALPHA/Content/StarterContent/Particles/Materials/M_smoke_subUV.uasset" 129
"../../../UWOT_PREALPHA/Content/Elements/Fire/Meshes/FireBallBaseMesh.uasset" 130
"../../../UWOT_PREALPHA/Content/Elements/Fire/Materials/P_FireBall_Flight1.uasset" 131
"../../../UWOT_PREALPHA/Content/System/Spells/ItemData.uasset" 132
"../../../UWOT_PREALPHA/Content/Inventory/MasterItem.uasset" 133
"../../../UWOT_PREALPHA/Content/StarterContent/Materials/M_Basic_Wall.uasset" 134
"../../../UWOT_PREALPHA/Content/StarterContent/Shapes/Shape_Cylinder.uasset" 135
"../../../UWOT_PREALPHA/Content/Temp_Assets/UmodelExport/Angreal/Texture/128TaintRed.uasset" 136
"../../../UWOT_PREALPHA/Content/Inventory/Pickups/ToBeDeleted.uasset" 137
"../../../UWOT_PREALPHA/Content/Mannequin/Character/Mesh/UE4_Mannequin_Skeleton.uasset" 138
"../../../UWOT_PREALPHA/Content/Mannequin/Animations/ThirdPersonJump_End.uasset" 139
"../../../UWOT_PREALPHA/Content/StarterContent/Architecture/Pillar_50x500.uasset" 140
"../../../UWOT_PREALPHA/Content/StarterContent/Architecture/Wall_400x300.uasset" 141
"../../../UWOT_PREALPHA/Content/StarterContent/Architecture/Wall_400x400.uasset" 142
"../../../UWOT_PREALPHA/Content/StarterContent/Architecture/Wall_500x500.uasset" 143
"../../../UWOT_PREALPHA/Content/StarterContent/Architecture/Wall_Door_400x400.uasset" 144
"../../../UWOT_PREALPHA/Content/StarterContent/Architecture/Wall_Window_400x400.uasset" 145
"../../../UWOT_PREALPHA/Content/StarterContent/Audio/Light01_Cue.uasset" 146
"../../../UWOT_PREALPHA/Content/StarterContent/Audio/Light02_Cue.uasset" 147
"../../../UWOT_PREALPHA/Content/StarterContent/Audio/Explosion_Cue.uasset" 148
"../../../UWOT_PREALPHA/Content/StarterContent/Textures/T_Burst_M.uasset" 149
"../../../UWOT_PREALPHA/Content/StarterContent/Particles/Materials/M_Burst.uasset" 150
"../../../UWOT_PREALPHA/Content/StarterContent/Textures/T_Explosion_SubUV.uasset" 151
"../../../UWOT_PREALPHA/Content/StarterContent/Particles/Materials/M_explosion_subUV.uasset" 152
"../../../UWOT_PREALPHA/Content/StarterContent/Particles/Materials/m_flare_01.uasset" 153
"../../../UWOT_PREALPHA/Content/StarterContent/Particles/Materials/M_radial_ramp.uasset" 154
"../../../UWOT_PREALPHA/Content/StarterContent/Particles/P_Explosion.uasset" 155
"../../../UWOT_PREALPHA/Content/StarterContent/Blueprints/Blueprint_Effect_Explosion.uasset" 156
"../../../Engine/Content/EditorMeshes/ColorCalibrator/T_ColorGrid.uasset" 157
"../../../UWOT_PREALPHA/Content/StarterContent/Materials/M_ColorGrid_LowSpec.uasset" 158
"../../../UWOT_PREALPHA/Content/StarterContent/Textures/T_Bush_D.uasset" 159
"../../../UWOT_PREALPHA/Content/StarterContent/Textures/T_Bush_N.uasset" 160
"../../../UWOT_PREALPHA/Content/StarterContent/Props/Materials/M_Bush.uasset" 161
"../../../UWOT_PREALPHA/Content/StarterContent/Props/SM_Bush.uasset" 162
"../../../UWOT_PREALPHA/Content/StarterContent/Textures/T_Chair_M.uasset" 163
"../../../UWOT_PREALPHA/Content/StarterContent/Textures/T_Chair_N.uasset" 164
"../../../UWOT_PREALPHA/Content/StarterContent/Props/Materials/M_Chair.uasset" 165
"../../../UWOT_PREALPHA/Content/StarterContent/Props/SM_Couch.uasset" 166
"../../../UWOT_PREALPHA/Content/StarterContent/Materials/M_Glass.uasset" 167
"../../../UWOT_PREALPHA/Content/StarterContent/Textures/T_Door_M.uasset" 168
"../../../UWOT_PREALPHA/Content/StarterContent/Textures/T_Door_N.uasset" 169
"../../../UWOT_PREALPHA/Content/StarterContent/Props/Materials/M_Door.uasset" 170
"../../../UWOT_PREALPHA/Content/StarterContent/Props/SM_Door.uasset" 171
"../../../UWOT_PREALPHA/Content/StarterContent/Props/Materials/M_MaterialSphere.uasset" 172
"../../../UWOT_PREALPHA/Content/StarterContent/Props/Materials/M_MaterialSphere_Plain.uasset" 173
"../../../UWOT_PREALPHA/Content/StarterContent/Props/SM_MatPreviewMesh_02.uasset" 174
"../../../Engine/Content/Functions/Engine_MaterialFunctions02/Utility/BlendAngleCorrectedNormals.uasset" 175
"../../../UWOT_PREALPHA/Content/StarterContent/Textures/T_Detail_Rocky_N.uasset" 176
"../../../UWOT_PREALPHA/Content/StarterContent/Textures/T_RockMesh_M.uasset" 177
"../../../UWOT_PREALPHA/Content/StarterContent/Textures/T_RockMesh_N.uasset" 178
"../../../UWOT_PREALPHA/Content/StarterContent/Props/Materials/M_Rock.uasset" 179
"../../../UWOT_PREALPHA/Content/StarterContent/Props/SM_Rock.uasset" 180
"../../../UWOT_PREALPHA/Content/StarterContent/Textures/T_Shelf_M.uasset" 181
"../../../UWOT_PREALPHA/Content/StarterContent/Textures/T_Shelf_N.uasset" 182
"../../../UWOT_PREALPHA/Content/StarterContent/Props/Materials/M_Shelf.uasset" 183
"../../../UWOT_PREALPHA/Content/StarterContent/Props/SM_Shelf.uasset" 184
"../../../UWOT_PREALPHA/Content/StarterContent/Materials/M_Basic_Floor.uasset" 185
"../../../UWOT_PREALPHA/Content/StarterContent/Props/SM_Stairs.uasset" 186
"../../../UWOT_PREALPHA/Content/StarterContent/Shapes/Shape_Cone.uasset" 187
"../../../UWOT_PREALPHA/Content/StarterContent/Shapes/Shape_NarrowCapsule.uasset" 188
"../../../UWOT_PREALPHA/Content/StarterContent/Shapes/Shape_Pipe.uasset" 189
"../../../UWOT_PREALPHA/Content/StarterContent/Shapes/Shape_Pipe_180.uasset" 190
"../../../UWOT_PREALPHA/Content/StarterContent/Shapes/Shape_Pipe_90.uasset" 191
"../../../UWOT_PREALPHA/Content/StarterContent/Shapes/Shape_Plane.uasset" 192
"../../../UWOT_PREALPHA/Content/StarterContent/Shapes/Shape_Torus.uasset" 193
"../../../UWOT_PREALPHA/Content/StarterContent/Shapes/Shape_Trim.uasset" 194
"../../../UWOT_PREALPHA/Content/StarterContent/Shapes/Shape_Trim_90_In.uasset" 195
"../../../UWOT_PREALPHA/Content/StarterContent/Shapes/Shape_Trim_90_Out.uasset" 196
"../../../UWOT_PREALPHA/Content/StarterContent/Shapes/Shape_TriPyramid.uasset" 197
"../../../UWOT_PREALPHA/Content/StarterContent/Shapes/Shape_Tube.uasset" 198
"../../../UWOT_PREALPHA/Content/StarterContent/Shapes/Shape_Wedge_A.uasset" 199
"../../../UWOT_PREALPHA/Content/StarterContent/Shapes/Shape_Wedge_B.uasset" 200
"../../../UWOT_PREALPHA/Content/StarterContent/Shapes/Shape_WideCapsule.uasset" 201
"../../../UWOT_PREALPHA/Content/Textures/UnderWaterPlanarReflectionTex.uasset" 202
"../../../UWOT_PREALPHA/Content/Mannequin/Animations/ThirdPerson_Jump.uasset" 203
"../../../UWOT_PREALPHA/Content/Mannequin/Animations/ThirdPersonJump_Loop.uasset" 204
"../../../UWOT_PREALPHA/Content/Mannequin/Animations/ThirdPersonJump_Start.uasset" 205
"../../../UWOT_PREALPHA/Content/Mannequin/Animations/ThirdPersonIdle.uasset" 206
"../../../UWOT_PREALPHA/Content/Mannequin/Animations/ThirdPersonRun.uasset" 207
"../../../UWOT_PREALPHA/Content/Mannequin/Animations/ThirdPersonWalk.uasset" 208
"../../../UWOT_PREALPHA/Content/Mannequin/Animations/ThirdPerson_IdleRun_2D.uasset" 209
"../../../UWOT_PREALPHA/Content/Mannequin/Animations/ThirdPerson_AnimBP.uasset" 210
"../../../Engine/Content/Functions/MaterialLayerFunctions/MatLayerBlend_NormalBlend.uasset" 211
"../../../Engine/Content/Functions/MaterialLayerFunctions/MatLayerBlend_Simple.uasset" 212
"../../../UWOT_PREALPHA/Content/Mannequin/Character/Materials/MaterialLayers/T_ML_Rubber_Blue_01_D.uasset" 213
"../../../UWOT_PREALPHA/Content/Mannequin/Character/Materials/MaterialLayers/T_ML_Rubber_Blue_01_N.uasset" 214
"../../../UWOT_PREALPHA/Content/Mannequin/Character/Materials/MaterialLayers/ML_GlossyBlack_Latex_UE4.uasset" 215
"../../../UWOT_PREALPHA/Content/Mannequin/Character/Materials/MaterialLayers/ML_Plastic_Shiny_Beige.uasset" 216
"../../../UWOT_PREALPHA/Content/Mannequin/Character/Textures/UE4_LOGO_CARD.uasset" 217
"../../../UWOT_PREALPHA/Content/Mannequin/Character/Materials/MaterialLayers/ML_Plastic_Shiny_Beige_LOGO.uasset" 218
"../../../UWOT_PREALPHA/Content/Mannequin/Character/Materials/MaterialLayers/T_ML_Aluminum01.uasset" 219
"../../../UWOT_PREALPHA/Content/Mannequin/Character/Materials/MaterialLayers/T_ML_Aluminum01_N.uasset" 220
"../../../UWOT_PREALPHA/Content/Mannequin/Character/Materials/MaterialLayers/ML_SoftMetal_UE4.uasset" 221
"../../../UWOT_PREALPHA/Content/Mannequin/Character/Textures/UE4_Mannequin__normals.uasset" 222
"../../../UWOT_PREALPHA/Content/Mannequin/Character/Textures/UE4_Mannequin_MAT_MASKA.uasset" 223
"../../../UWOT_PREALPHA/Content/Mannequin/Character/Materials/M_UE4Man_Body.uasset" 224
"../../../UWOT_PREALPHA/Content/Mannequin/Character/Textures/UE4Man_Logo_N.uasset" 225
"../../../UWOT_PREALPHA/Content/Mannequin/Character/Materials/M_UE4Man_ChestLogo.uasset" 226
"../../../UWOT_PREALPHA/Content/Mannequin/Character/Mesh/SK_Mannequin_PhysicsAsset.uasset" 227
"../../../UWOT_PREALPHA/Content/Mannequin/Character/Mesh/SK_Mannequin.uasset" 228
"../../../UWOT_PREALPHA/Content/ThirdPersonCPP/Blueprints/ThirdPersonCharacter.uasset" 229
"../../../UWOT_PREALPHA/Content/ThirdPersonCPP/Characters/WATTESt.uasset" 230
"../../../UWOT_PREALPHA/Content/UMG/UWOTGameInstance_bkp.uasset" 231
"../../../Engine/Content/EngineMaterials/DefaultMaterial.uasset" 232
"../../../Engine/Content/BasicShapes/Cone.uasset" 233
"../../../Engine/Content/BasicShapes/Cube.uasset" 234
"../../../Engine/Content/BasicShapes/Cylinder.uasset" 235
"../../../Engine/Content/BasicShapes/Plane.uasset" 236
"../../../Engine/Content/BasicShapes/Sphere.uasset" 237
"../../../Engine/Content/EditorLandscapeResources/DataLayer.uasset" 238
"../../../Engine/Content/EditorMaterials/GizmoMaterial.uasset" 239
"../../../Engine/Content/EditorMaterials/MAT_Groups_Toggle.uasset" 240
"../../../Engine/Content/EditorMaterials/MAT_Groups_Visibility.uasset" 241
"../../../Engine/Content/EditorMaterials/PreviewShadowIndicator.uasset" 242
"../../../Engine/Content/EditorMaterials/PreviewShadowIndicatorMaterial.uasset" 243
"../../../Engine/Content/EditorMaterials/MatineeGroups/MAT_ColorTrack.uasset" 244
"../../../Engine/Content/EditorMaterials/MatineeGroups/MAT_Groups_Anim.uasset" 245
"../../../Engine/Content/EditorMaterials/MatineeGroups/MAT_Groups_AudioMaster.uasset" 246
"../../../Engine/Content/EditorMaterials/MatineeGroups/MAT_Groups_Director.uasset" 247
"../../../Engine/Content/EditorMaterials/MatineeGroups/MAT_Groups_Event.uasset" 248
"../../../Engine/Content/EditorMaterials/MatineeGroups/MAT_Groups_Fade.uasset" 249
"../../../Engine/Content/EditorMaterials/MatineeGroups/MAT_Groups_Float.uasset" 250
"../../../Engine/Content/EditorMaterials/MatineeGroups/MAT_Groups_Move.uasset" 251
"../../../Engine/Content/EditorMaterials/MatineeGroups/MAT_Groups_Slomo.uasset" 252
"../../../Engine/Content/EditorMaterials/MatineeGroups/MAT_Groups_Sound.uasset" 253
"../../../Engine/Content/EditorMaterials/MatineeGroups/MAT_Groups_Vector.uasset" 254
"../../../Engine/Content/EditorMaterials/ParticleSystems/PSysThumbnail_NoImage.uasset" 255
"../../../Engine/Content/EditorMaterials/ParticleSystems/PSysThumbnail_OOD.uasset" 256
"../../../Engine/Content/EditorMaterials/Camera/CineMat.uasset" 257
"../../../Engine/Content/EditorMaterials/Camera/MI_CineMat_Rig.uasset" 258
"../../../Engine/Content/EditorMeshes/Camera/SM_CraneRig_Arm.uasset" 259
"../../../Engine/Content/EditorMeshes/Camera/SM_CraneRig_Base.uasset" 260
"../../../Engine/Content/EditorMeshes/Camera/SM_CraneRig_Body.uasset" 261
"../../../Engine/Content/EditorMeshes/Camera/SM_CraneRig_Mount.uasset" 262
"../../../Engine/Content/EditorMeshes/Camera/SM_RailRig_Mount.uasset" 263
"../../../Engine/Content/EditorMeshes/Camera/SM_RailRig_Track.uasset" 264
"../../../Engine/Content/EditorResources/BSPVertex.uasset" 265
"../../../Engine/Content/EditorResources/EmptyActor.uasset" 266
"../../../Engine/Content/EditorResources/S_Actor.uasset" 267
"../../../Engine/Content/EditorResources/S_Trigger.uasset" 268
"../../../Engine/Content/EditorResources/AudioIcons/S_AudioComponent.uasset" 269
"../../../Engine/Content/EditorResources/AudioIcons/S_AudioComponent_AutoActivate.uasset" 270
"../../../Engine/Content/EditorResources/LightIcons/S_LightError.uasset" 271
"../../../Engine/Content/EditorResources/SequenceRecorder/Countdown.uasset" 272
"../../../Engine/Content/EditorResources/SequenceRecorder/RecordingIndicator.uasset" 273
"../../../Engine/Content/EditorSounds/Notifications/CompileFailed.uasset" 274
"../../../Engine/Content/EditorSounds/Notifications/CompileFailed_Cue.uasset" 275
"../../../Engine/Content/EditorSounds/Notifications/CompileSuccess.uasset" 276
"../../../Engine/Content/EditorSounds/Notifications/CompileStart_Cue.uasset" 277
"../../../Engine/Content/EditorSounds/Notifications/CompileSuccess_Cue.uasset" 278
"../../../Engine/Content/EngineDamageTypes/DmgTypeBP_Environmental.uasset" 279
"../../../Engine/Content/EngineDebugMaterials/HeatmapGradient.uasset" 280
"../../../Engine/Content/EngineDebugMaterials/BoneWeightMaterial.uasset" 281
"../../../Engine/Content/EngineDebugMaterials/ClothMaterial.uasset" 282
"../../../Engine/Content/EngineDebugMaterials/ClothMaterial_WF.uasset" 283
"../../../Engine/Content/EngineDebugMaterials/DebugEditorMaterial.uasset" 284
"../../../Engine/Content/EngineDebugMaterials/DebugMeshMaterial.uasset" 285
"../../../Engine/Content/EngineDebugMaterials/GeomMaterial.uasset" 286
"../../../Engine/Content/EngineFonts/Faces/RobotoBold.uasset" 287
"../../../Engine/Content/EngineFonts/Faces/RobotoBoldItalic.uasset" 288
"../../../Engine/Content/EngineFonts/Faces/RobotoItalic.uasset" 289
"../../../Engine/Content/EngineFonts/Faces/RobotoLight.uasset" 290
"../../../Engine/Content/EngineFonts/Faces/RobotoRegular.uasset" 291
"../../../Engine/Content/EngineFonts/Roboto.uasset" 292
"../../../Engine/Content/EngineFonts/Faces/RobotoTiny.uasset" 293
"../../../Engine/Content/EngineFonts/RobotoTiny.uasset" 294
"../../../Engine/Content/EngineMaterials/DefaultBloomKernel.uasset" 295
"../../../Engine/Content/EngineMaterials/DefaultBokeh.uasset" 296
"../../../Engine/Content/EngineMaterials/DefaultDiffuse.uasset" 297
"../../../Engine/Content/EngineMaterials/DefaultDeferredDecalMaterial.uasset" 298
"../../../Engine/Content/EngineMaterials/DefaultLightFunctionMaterial.uasset" 299
"../../../Engine/Content/EngineMaterials/DefaultPostProcessMaterial.uasset" 300
"../../../Engine/Content/EngineFonts/RobotoDistanceField.uasset" 301
"../../../Engine/Content/EngineMaterials/DefaultTextMaterialOpaque.uasset" 302
"../../../Engine/Content/EngineMaterials/DefaultWhiteGrid.uasset" 303
"../../../Engine/Content/EngineMaterials/EditorBrushMaterial.uasset" 304
"../../../Engine/Content/EngineMaterials/Good64x64TilingNoiseHighFreq.uasset" 305
"../../../Engine/Content/EngineMaterials/MiniFont.uasset" 306
"../../../Engine/Content/EngineMaterials/InvalidLightmapSettings.uasset" 307
"../../../Engine/Content/EngineMaterials/M_InvalidLightmapSettings.uasset" 308
"../../../Engine/Content/Functions/Engine_MaterialFunctions02/WorldPositionOffset/CameraOffset.uasset" 309
"../../../Engine/Content/EngineMaterials/PhAT_JointLimitMaterial.uasset" 310
"../../../Engine/Content/EngineMaterials/PreintegratedSkinBRDF.uasset" 311
"../../../Engine/Content/EngineMaterials/RemoveSurfaceMaterial.uasset" 312
"../../../Engine/Content/EngineMaterials/WeightMapPlaceholderTexture.uasset" 313
"../../../Engine/Content/EngineResources/WhiteSquareTexture.uasset" 314
"../../../Engine/Content/EngineMaterials/Widget3DPassThrough.uasset" 315
"../../../Engine/Content/EngineMaterials/Widget3DPassThrough_Masked.uasset" 316
"../../../Engine/Content/EngineMaterials/Widget3DPassThrough_Opaque.uasset" 317
"../../../Engine/Content/EngineMaterials/Widget3DPassThrough_Masked_OneSided.uasset" 318
"../../../Engine/Content/EngineMaterials/Widget3DPassThrough_Opaque_OneSided.uasset" 319
"../../../Engine/Content/EngineMaterials/Widget3DPassThrough_Translucent.uasset" 320
"../../../Engine/Content/EngineMaterials/Widget3DPassThrough_Translucent_OneSided.uasset" 321
"../../../Engine/Content/EngineMeshes/Cube.uasset" 322
"../../../Engine/Content/EngineMeshes/Cylinder.uasset" 323
"../../../Engine/Content/EngineResources/Black.uasset" 324
"../../../Engine/Content/EngineResources/DefaultTexture.uasset" 325
"../../../Engine/Content/EngineResources/DefaultTextureCube.uasset" 326
"../../../Engine/Content/EngineResources/GradientTexture0.uasset" 327
"../../../Engine/Content/EngineSounds/Master.uasset" 328
"../../../Engine/Content/Functions/Engine_MaterialFunctions01/Shading/ConvertFromDiffSpec.uasset" 329
"../../../Engine/Content/Functions/Engine_MaterialFunctions01/Shading/PowerToRoughness.uasset" 330
"../../../Engine/Content/Maps/Templates/Thumbnails/Default.uasset" 331
"../../../Engine/Content/Maps/Templates/Thumbnails/VR-Basic.uasset" 332
"../../../Engine/Content/MobileResources/T_MobileControls_texture.uasset" 333
"../../../Engine/Content/MobileResources/T_MobileMenu2.uasset" 334
"../../../Engine/Content/MobileResources/HUD/AnalogHat.uasset" 335
"../../../Engine/Content/MobileResources/HUD/VirtualJoystick_Background.uasset" 336
"../../../Engine/Content/MobileResources/HUD/VirtualJoystick_Thumb.uasset" 337
"../../../Engine/Content/MobileResources/HUD/DefaultVirtualJoysticks.uasset" 338
"../../../Engine/Content/MobileResources/HUD/LeftVirtualJoystickOnly.uasset" 339
"../../../Engine/Content/MobileResources/HUD/MobileHUDButton1_off.uasset" 340
"../../../Engine/Content/MobileResources/HUD/MobileHUDButton1_on.uasset" 341
"../../../Engine/Content/MobileResources/HUD/MobileHUDButton2_off.uasset" 342
"../../../Engine/Content/MobileResources/HUD/MobileHUDButton2_on.uasset" 343
"../../../Engine/Content/MobileResources/HUD/MobileHUDButton3.uasset" 344
"../../../Engine/Content/MobileResources/HUD/MobileHUDButtonFire.uasset" 345
"../../../Engine/Content/MobileResources/HUD/MobileHUDDirectionPad.uasset" 346
"../../../Engine/Content/MobileResources/HUD/MobileHUDDirectionPad2.uasset" 347
"../../../Engine/Content/MobileResources/HUD/MobileHUDDirectionPad3.uasset" 348
"../../../Engine/Content/MobileResources/HUD/MobileHUDDirectionStick.uasset" 349
"../../../Engine/Content/MobileResources/HUD/T_Castle_ThumbstickInner.uasset" 350
"../../../Engine/Content/MobileResources/HUD/T_Castle_ThumbstickOutter.uasset" 351
"../../../Engine/Content/Tutorial/ContentIntroCurve.uasset" 352
"../../../Engine/Content/Tutorial/Basics/TutorialAssets/icon_tab_Levels_40x.uasset" 353
"../../../Engine/Content/Tutorial/BlueprintTutorials/TutorialAssets/BlueprintInterface_64x.uasset" 354
"../../../Engine/Content/Tutorial/BlueprintTutorials/TutorialAssets/BlueprintMacroLibrary_64x.uasset" 355
"../../../Engine/Content/Tutorial/BlueprintTutorials/TutorialAssets/Blueprint_64x.uasset" 356
"../../../Engine/Content/Tutorial/BlueprintTutorials/TutorialAssets/Tutorial_BP_Interface.uasset" 357
"../../../Engine/Content/Tutorial/Foliage/TutorialAssets/Foliage.uasset" 358
"../../../Engine/Content/Tutorial/Landscape/TutorialAssets/Landscape.uasset" 359
"../../../Engine/Content/Tutorial/Paper2D/TutorialAssets/Paper2DFlipbook_TutorialIcon.uasset" 360
"../../../Engine/Content/Tutorial/Paper2D/TutorialAssets/Paper2DSprite_TutorialIcon.uasset" 361
"../../../Engine/Content/Tutorial/SubEditors/TutorialAssets/icon_Editor_Preferences_General_40x.uasset" 362
"../../../Engine/Content/Tutorial/SubEditors/TutorialAssets/icon_ShowSkeletalMeshes_40x.uasset" 363
"../../../Engine/Content/Tutorial/SubEditors/TutorialAssets/TutorialMaterial.uasset" 364
"../../../Engine/Content/Tutorial/SubEditors/TutorialAssets/T_SmokeSubUV_8X8.uasset" 365
"../../../Engine/Content/Tutorial/SubEditors/TutorialAssets/T_soft_smoke.uasset" 366
"../../../Engine/Content/Tutorial/SubEditors/TutorialAssets/M_smoke_subUV_blackbody.uasset" 367
"../../../Engine/Content/Tutorial/SubEditors/TutorialAssets/TutorialParticleSystem.uasset" 368
"../../../Engine/Content/VREditor/Devices/Generic/GenericHMDMaterial.uasset" 369
"../../../Engine/Content/VREditor/Devices/Generic/GenericHMD.uasset" 370
"../../../Engine/Content/VREditor/FloatingText/LineMaterial.uasset" 371
"../../../Engine/Content/VREditor/FloatingText/JointSphere.uasset" 372
"../../../Engine/Content/VREditor/FloatingText/LineSegmentCylinder.uasset" 373
"../../../Engine/Content/VREditor/Fonts/VRText_RobotoLarge.uasset" 374
"../../../Engine/Content/VREditor/Fonts/VRTextMaterial.uasset" 375
"../../../Engine/Content/VREditor/Fonts/TranslucentVRTextMaterial.uasset" 376
"../../../Engine/Content/VREditor/LaserPointer/CursorPointer.uasset" 377
"../../../Engine/Content/VREditor/LaserPointer/VR_LaserPower_01.uasset" 378
"../../../Engine/Content/VREditor/TransformGizmo/TransformGizmoMaterial.uasset" 379
"../../../Engine/Content/VREditor/LaserPointer/HoverMaterial.uasset" 380
"../../../Engine/Content/VREditor/TransformGizmo/TranslucentTransformGizmoMaterial.uasset" 381
"../../../Engine/Content/VREditor/LaserPointer/TranslucentHoverMaterial.uasset" 382
"../../../Engine/Content/VREditor/LaserPointer/HoverMesh.uasset" 383
"../../../Engine/Content/VREditor/LaserPointer/LaserPointerMaterial.uasset" 384
"../../../Engine/Content/VREditor/LaserPointer/LaserPointerMaterialInst.uasset" 385
"../../../Engine/Content/VREditor/LaserPointer/TranslucentLaserPointerMaterialInst.uasset" 386
"../../../Engine/Content/VREditor/LaserPointer/LaserPointerMesh.uasset" 387
"../../../Engine/Content/VREditor/LaserPointer/LaserPointerMesh_End.uasset" 388
"../../../Engine/Content/VREditor/LaserPointer/LaserPointerMesh_Start.uasset" 389
"../../../Engine/Content/Functions/Engine_MaterialFunctions02/Utility/BreakOutFloat3Components.uasset" 390
"../../../Engine/Content/Functions/Engine_MaterialFunctions02/Math/Transform3x3Matrix.uasset" 391
"../../../Engine/Content/Functions/Engine_MaterialFunctions02/SplitComponents.uasset" 392
"../../../Engine/Content/Functions/Engine_MaterialFunctions02/Utility/MakeFloat3.uasset" 393
"../../../Engine/Content/VREditor/SnapGrid/SnapGridMaterial.uasset" 394
"../../../Engine/Content/VREditor/SnapGrid/SnapGridPlaneMesh.uasset" 395
"../../../Engine/Content/VREditor/Sounds/VR_teleport.uasset" 396
"../../../Engine/Content/VREditor/Sounds/UI/Click_on_Button_Cue.uasset" 397
"../../../Engine/Content/VREditor/Sounds/UI/Dockable_Window_Close.uasset" 398
"../../../Engine/Content/VREditor/Sounds/UI/Dockable_Window_Drop.uasset" 399
"../../../Engine/Content/VREditor/Sounds/UI/Dockable_Window_Open.uasset" 400
"../../../Engine/Content/VREditor/Sounds/UI/Dockable_Window_Pick_Up.uasset" 401
"../../../Engine/Content/VREditor/Sounds/UI/Drop_Item_From_ContentBrowser.uasset" 402
"../../../Engine/Content/VREditor/Sounds/UI/Floating_UI_Open-001.uasset" 403
"../../../Engine/Content/VREditor/Sounds/UI/Gizmo_Handle_Clicked.uasset" 404
"../../../Engine/Content/VREditor/Sounds/UI/Object_PickUp.uasset" 405
"../../../Engine/Content/VREditor/Sounds/UI/Object_Snaps_To_Another_Actor.uasset" 406
"../../../Engine/Content/VREditor/Sounds/UI/Object_Snaps_To_Grid.uasset" 407
"../../../Engine/Content/VREditor/Sounds/UI/Radial_Menu_FadeOut.uasset" 408
"../../../Engine/Content/VREditor/Sounds/UI/Scaling_Down.uasset" 409
"../../../Engine/Content/VREditor/Sounds/UI/Scaling_Up.uasset" 410
"../../../Engine/Content/VREditor/Sounds/UI/Selection_Changes.uasset" 411
"../../../Engine/Content/VREditor/Sounds/UI/Teleport_Mode_Entered.uasset" 412
"../../../Engine/Content/VREditor/Teleport/TeleportDirectionMaterial.uasset" 413
"../../../Engine/Content/VREditor/Teleport/TeleportDirectionMaterial_Inst.uasset" 414
"../../../Engine/Content/VREditor/Teleport/TeleportDirectionMesh.uasset" 415
"../../../Engine/Content/VREditor/TransformGizmo/BoundingBoxCorner.uasset" 416
"../../../Engine/Content/VREditor/TransformGizmo/BoundingBoxEdge.uasset" 417
"../../../Engine/Content/VREditor/TransformGizmo/PlaneTranslationHandle.uasset" 418
"../../../Engine/Content/VREditor/TransformGizmo/RotationHandleFull.uasset" 419
"../../../Engine/Content/VREditor/TransformGizmo/RotationHandleIndicator.uasset" 420
"../../../Engine/Content/VREditor/TransformGizmo/RotationHandleQuarter.uasset" 421
"../../../Engine/Content/VREditor/TransformGizmo/Main.uasset" 422
"../../../Engine/Content/VREditor/TransformGizmo/Xray.uasset" 423
"../../../Engine/Content/VREditor/TransformGizmo/SM_Dialog_Close.uasset" 424
"../../../Engine/Content/VREditor/TransformGizmo/SM_Dialog_Move.uasset" 425
"../../../Engine/Content/VREditor/TransformGizmo/SM_Sequencer_Key.uasset" 426
"../../../Engine/Content/VREditor/TransformGizmo/SM_Sequencer_Node.uasset" 427
"../../../Engine/Content/VREditor/TransformGizmo/StartRotationHandleIndicator.uasset" 428
"../../../Engine/Content/VREditor/TransformGizmo/TranslucentTransformGizmoMaterial_Inst.uasset" 429
"../../../Engine/Content/VREditor/TransformGizmo/TransformGizmoFreeRotation.uasset" 430
"../../../Engine/Content/VREditor/TransformGizmo/TransformGizmoMaterial_Inst.uasset" 431
"../../../Engine/Content/VREditor/TransformGizmo/TranslateArrowHandle.uasset" 432
"../../../Engine/Content/VREditor/TransformGizmo/UniformScaleHandle.uasset" 433
"../../../Engine/Content/VREditor/UI/KeyDiskMaterial.uasset" 434
"../../../Engine/Content/VREditor/UI/DiscMaterial.uasset" 435
"../../../Engine/Content/VREditor/UI/SM_Radial_Disk.uasset" 436
"../../../Engine/Content/VREditor/WorldMovementGrid/SimpleGrid.uasset" 437
"../../../Engine/Content/VREditor/WorldMovementGrid/GridMaterial.uasset" 438
"../../../Engine/Content/Functions/Engine_MaterialFunctions01/Density/ExponentialDensity.uasset" 439
"../../../Engine/Content/VREditor/WorldMovementGrid/GridPostProcess.uasset" 440
"../../../Engine/Content/EditorLandscapeResources/FlattenHeightMat.uasset" 441
"../../../Engine/Content/VREditor/WorldMovementGrid/PlaneMesh.uasset" 442
"../../../Engine/Plugins/2D/Paper2D/Content/PlaceholderTextures/DummySpriteTexture.uasset" 443
"../../../Engine/Plugins/2D/Paper2D/Content/DummySprite.uasset" 444
"../../../Engine/Plugins/2D/Paper2D/Content/DefaultPaperTerrainMaterial.uasset" 445
"../../../Engine/Plugins/2D/Paper2D/Content/DefaultSpriteMaterial.uasset" 446
"../../../Engine/Plugins/2D/Paper2D/Content/MaskedUnlitSpriteMaterial.uasset" 447
"../../../Engine/Plugins/2D/Paper2D/Content/OpaqueUnlitSpriteMaterial.uasset" 448
"../../../Engine/Plugins/GameWorks/Blast/Content/EditorResources/S_BlastExtendedSupport.uasset" 449
"../../../Engine/Plugins/Media/MediaCompositing/Content/DefaultMediaPlaneMaterial.uasset" 450
"../../../Engine/Content/Functions/Engine_MaterialFunctions02/Utility/MakeFloat4.uasset" 451
"../../../Engine/Plugins/Runtime/AppleARKit/Content/ARKitCameraMaterial.uasset" 452
"../../../Engine/Plugins/Runtime/Oculus/OculusVR/Content/Textures/GearVRController_AO.uasset" 453
"../../../Engine/Plugins/Runtime/Oculus/OculusVR/Content/Textures/GearVRController_Color.uasset" 454
"../../../Engine/Plugins/Runtime/Oculus/OculusVR/Content/Textures/GearVRController_Normal.uasset" 455
"../../../Engine/Plugins/Runtime/Oculus/OculusVR/Content/Materials/GearVRControllerMaterial.uasset" 456
"../../../Engine/Plugins/Runtime/Oculus/OculusVR/Content/Meshes/GearVrController.uasset" 457
"../../../UWOT_PREALPHA/Plugins/Voxel/Content/MaterialChooser16.uasset" 458
"../../../UWOT_PREALPHA/Plugins/Voxel/Content/MaterialChooser32.uasset" 459
"../../../UWOT_PREALPHA/Plugins/Voxel/Content/MaterialChooser4.uasset" 460
"../../../UWOT_PREALPHA/Plugins/Voxel/Content/MaterialChooser8.uasset" 461
"../../../UWOT_PREALPHA/Plugins/Voxel/Content/M_Colors_VoxelMaterial.uasset" 462
"../../../UWOT_PREALPHA/Content/StarterContent/Textures/T_Ground_Grass_D.uasset" 463
"../../../UWOT_PREALPHA/Content/StarterContent/Textures/T_Tech_Hex_Tile_M.uasset" 464
"../../../UWOT_PREALPHA/Plugins/Voxel/Content/TriplanarProjection.uasset" 465
"../../../UWOT_PREALPHA/Plugins/Voxel/Content/SimpleTriplanarProjection.uasset" 466
"../../../UWOT_PREALPHA/Plugins/Voxel/Content/TriplanarProjectionWithOffset.uasset" 467
"../../../UWOT_PREALPHA/Plugins/Voxel/Content/SimpleTriplanarProjectionWithOffset.uasset" 468
"../../../UWOT_PREALPHA/Plugins/Voxel/Content/SimpleTriplanarProjectionWithTop.uasset" 469
"../../../UWOT_PREALPHA/Plugins/Voxel/Content/SimpleTriplanarProjectionWithTopAndOffset.uasset" 470
"../../../UWOT_PREALPHA/Plugins/Voxel/Content/VoxelSave.uasset" 471
"../../../UWOT_PREALPHA/Plugins/Voxel/Content/VoxelUI.uasset" 472
"../../../UWOT_PREALPHA/Plugins/Voxel/Content/VoxelPlayerController.uasset" 473
"../../../UWOT_PREALPHA/Content/StarterContent/Audio/Fire01_Cue.uasset" 474
"../../../UWOT_PREALPHA/Content/StarterContent/Particles/P_Fire.uasset" 475
"../../../UWOT_PREALPHA/Content/StarterContent/Blueprints/Blueprint_Effect_Fire.uasset" 476
"../../../UWOT_PREALPHA/Content/StarterContent/Audio/Smoke01_Cue.uasset" 477
"../../../UWOT_PREALPHA/Content/StarterContent/Particles/P_Smoke.uasset" 478
"../../../UWOT_PREALPHA/Content/StarterContent/Blueprints/Blueprint_Effect_Smoke.uasset" 479
"../../../UWOT_PREALPHA/Content/StarterContent/Audio/Fire_Sparks01_Cue.uasset" 480
"../../../UWOT_PREALPHA/Content/StarterContent/Textures/T_Spark_Core.uasset" 481
"../../../UWOT_PREALPHA/Content/StarterContent/Particles/Materials/M_Spark.uasset" 482
"../../../UWOT_PREALPHA/Content/StarterContent/Particles/P_Sparks.uasset" 483
"../../../UWOT_PREALPHA/Content/StarterContent/Blueprints/Blueprint_Effect_Sparks.uasset" 484
"../../../UWOT_PREALPHA/Content/StarterContent/Audio/Steam01_Cue.uasset" 485
"../../../UWOT_PREALPHA/Content/StarterContent/Particles/P_Steam_Lit.uasset" 486
"../../../UWOT_PREALPHA/Content/StarterContent/Blueprints/Blueprint_Effect_Steam.uasset" 487
"../../../UWOT_PREALPHA/Content/CastlePieces/InnerWall_0/Base_mat.uasset" 488
"../../../UWOT_PREALPHA/Content/CastlePieces/InnerWall_0/0.uasset" 489
"../../../UWOT_PREALPHA/Content/CastlePieces/InnerWall_0/1.uasset" 490
"../../../UWOT_PREALPHA/Content/CastlePieces/InnerWall_0/2.uasset" 491
"../../../UWOT_PREALPHA/Content/CastlePieces/InnerWall_0/3.uasset" 492
"../../../UWOT_PREALPHA/Content/CastlePieces/InnerWall_0/4.uasset" 493
"../../../UWOT_PREALPHA/Content/CastlePieces/InnerWall_0/5.uasset" 494
"../../../UWOT_PREALPHA/Content/CastlePieces/InnerWall_0/CutTry10.uasset" 495
"../../../UWOT_PREALPHA/Content/CastlePieces/InnerWall_1/Base_mat.uasset" 496
"../../../UWOT_PREALPHA/Content/CastlePieces/InnerWall_1/LongWall_0.uasset" 497
"../../../UWOT_PREALPHA/Content/CastlePieces/InnerWall_1/LongWall_1.uasset" 498
"../../../UWOT_PREALPHA/Content/CastlePieces/InnerWall_1/LongWall_2.uasset" 499
"../../../UWOT_PREALPHA/Content/CastlePieces/InnerWall_1/LongWall_3.uasset" 500
"../../../UWOT_PREALPHA/Content/CastlePieces/InnerWall_1/LongWall_4.uasset" 501
"../../../UWOT_PREALPHA/Content/CastlePieces/InnerWall_1/LongWall_cut.uasset" 502
"../../../UWOT_PREALPHA/Content/CastlePieces/Keep_0/Base_mat.uasset" 503
"../../../UWOT_PREALPHA/Content/CastlePieces/Keep_0/Abode_front_0.uasset" 504
"../../../UWOT_PREALPHA/Content/CastlePieces/Keep_0/Abode_front_1.uasset" 505
"../../../UWOT_PREALPHA/Content/CastlePieces/Keep_0/Abode_front_2.uasset" 506
"../../../UWOT_PREALPHA/Content/CastlePieces/Keep_0/Abode_front_3.uasset" 507
"../../../UWOT_PREALPHA/Content/CastlePieces/Keep_0/Abode_front_4.uasset" 508
"../../../UWOT_PREALPHA/Content/CastlePieces/Keep_0/Abode_front_5.uasset" 509
"../../../UWOT_PREALPHA/Content/CastlePieces/Keep_0/Abode_front_6.uasset" 510
"../../../UWOT_PREALPHA/Content/CastlePieces/Keep_1/Base_mat.uasset" 511
"../../../UWOT_PREALPHA/Content/CastlePieces/Keep_1/KeepBack_0.uasset" 512
"../../../UWOT_PREALPHA/Content/CastlePieces/Keep_1/KeepBack_1.uasset" 513
"../../../UWOT_PREALPHA/Content/CastlePieces/Keep_1/KeepBack_2.uasset" 514
"../../../UWOT_PREALPHA/Content/CastlePieces/Keep_1/KeepBack_3.uasset" 515
"../../../UWOT_PREALPHA/Content/CastlePieces/Keep_1/KeepBack_4.uasset" 516
"../../../UWOT_PREALPHA/Content/CastlePieces/Keep_1/KeepBack_5.uasset" 517
"../../../UWOT_PREALPHA/Content/CastlePieces/Keep_1/KeepBack_6.uasset" 518
"../../../UWOT_PREALPHA/Content/CastlePieces/Keep_1/KeepBack_7.uasset" 519
"../../../UWOT_PREALPHA/Content/CastlePieces/Keep_1/KeepBack_8.uasset" 520
"../../../UWOT_PREALPHA/Content/CastlePieces/OuterWall_0/Base_mat.uasset" 521
"../../../UWOT_PREALPHA/Content/CastlePieces/OuterWall_0/0_2.uasset" 522
"../../../UWOT_PREALPHA/Content/CastlePieces/OuterWall_0/10_2.uasset" 523
"../../../UWOT_PREALPHA/Content/CastlePieces/OuterWall_0/11_2.uasset" 524
"../../../UWOT_PREALPHA/Content/CastlePieces/OuterWall_0/12_2.uasset" 525
"../../../UWOT_PREALPHA/Content/CastlePieces/OuterWall_0/13_2.uasset" 526
"../../../UWOT_PREALPHA/Content/CastlePieces/OuterWall_0/14_2.uasset" 527
"../../../UWOT_PREALPHA/Content/CastlePieces/OuterWall_0/15_2.uasset" 528
"../../../UWOT_PREALPHA/Content/CastlePieces/OuterWall_0/16_2.uasset" 529
"../../../UWOT_PREALPHA/Content/CastlePieces/OuterWall_0/17_2.uasset" 530
"../../../UWOT_PREALPHA/Content/CastlePieces/OuterWall_0/18_2.uasset" 531
"../../../UWOT_PREALPHA/Content/CastlePieces/OuterWall_0/19_2.uasset" 532
"../../../UWOT_PREALPHA/Content/CastlePieces/OuterWall_0/1_2.uasset" 533
"../../../UWOT_PREALPHA/Content/CastlePieces/OuterWall_0/20_2.uasset" 534
"../../../UWOT_PREALPHA/Content/CastlePieces/OuterWall_0/21_2.uasset" 535
"../../../UWOT_PREALPHA/Content/CastlePieces/OuterWall_0/22_2.uasset" 536
"../../../UWOT_PREALPHA/Content/CastlePieces/OuterWall_0/23_2.uasset" 537
"../../../UWOT_PREALPHA/Content/CastlePieces/OuterWall_0/24_2.uasset" 538
"../../../UWOT_PREALPHA/Content/CastlePieces/OuterWall_0/25_2.uasset" 539
"../../../UWOT_PREALPHA/Content/CastlePieces/OuterWall_0/26_2.uasset" 540
"../../../UWOT_PREALPHA/Content/CastlePieces/OuterWall_0/27_2.uasset" 541
"../../../UWOT_PREALPHA/Content/CastlePieces/OuterWall_0/28_2.uasset" 542
"../../../UWOT_PREALPHA/Content/CastlePieces/OuterWall_0/29_2.uasset" 543
"../../../UWOT_PREALPHA/Content/CastlePieces/OuterWall_0/2_2.uasset" 544
"../../../UWOT_PREALPHA/Content/CastlePieces/OuterWall_0/31_2.uasset" 545
"../../../UWOT_PREALPHA/Content/CastlePieces/OuterWall_0/34_2.uasset" 546
"../../../UWOT_PREALPHA/Content/CastlePieces/OuterWall_0/35_2.uasset" 547
"../../../UWOT_PREALPHA/Content/CastlePieces/OuterWall_0/36_2.uasset" 548
"../../../UWOT_PREALPHA/Content/CastlePieces/OuterWall_0/37_2.uasset" 549
"../../../UWOT_PREALPHA/Content/CastlePieces/OuterWall_0/38_2.uasset" 550
"../../../UWOT_PREALPHA/Content/CastlePieces/OuterWall_0/3_2.uasset" 551
"../../../UWOT_PREALPHA/Content/CastlePieces/OuterWall_0/4_2.uasset" 552
"../../../UWOT_PREALPHA/Content/CastlePieces/OuterWall_0/5_2.uasset" 553
"../../../UWOT_PREALPHA/Content/CastlePieces/OuterWall_0/6_2.uasset" 554
"../../../UWOT_PREALPHA/Content/CastlePieces/OuterWall_0/7_2.uasset" 555
"../../../UWOT_PREALPHA/Content/CastlePieces/OuterWall_0/8_2.uasset" 556
"../../../UWOT_PREALPHA/Content/CastlePieces/OuterWall_0/997_2.uasset" 557
"../../../UWOT_PREALPHA/Content/CastlePieces/OuterWall_0/998_2.uasset" 558
"../../../UWOT_PREALPHA/Content/CastlePieces/OuterWall_0/9_2.uasset" 559
"../../../UWOT_PREALPHA/Content/CastlePieces/OuterWall_1/Base_mat.uasset" 560
"../../../UWOT_PREALPHA/Content/CastlePieces/OuterWall_1/0_2.uasset" 561
"../../../UWOT_PREALPHA/Content/CastlePieces/OuterWall_1/1_2.uasset" 562
"../../../UWOT_PREALPHA/Content/CastlePieces/OuterWall_1/2_2.uasset" 563
"../../../UWOT_PREALPHA/Content/CastlePieces/OuterWall_1/3_2.uasset" 564
"../../../UWOT_PREALPHA/Content/CastlePieces/OuterWall_1/4_2.uasset" 565
"../../../UWOT_PREALPHA/Content/CastlePieces/OuterWall_1/5_2.uasset" 566
"../../../UWOT_PREALPHA/Content/CastlePieces/OuterWall_1/6_2.uasset" 567
"../../../UWOT_PREALPHA/Content/CastlePieces/OuterWall_1/7_2.uasset" 568
"../../../UWOT_PREALPHA/Content/CastlePieces/OuterWall_1/8_2.uasset" 569
"../../../UWOT_PREALPHA/Content/CastlePieces/OuterWall_1/Pieces_of_2/Base_mat.uasset" 570
"../../../UWOT_PREALPHA/Content/CastlePieces/OuterWall_1/Pieces_of_2/0_2.uasset" 571
"../../../UWOT_PREALPHA/Content/CastlePieces/Pieces_of_0/Base_mat.uasset" 572
"../../../UWOT_PREALPHA/Content/CastlePieces/Pieces_of_0/1windowwall_0.uasset" 573
"../../../UWOT_PREALPHA/Content/CastlePieces/Pieces_of_0/1windowwall_1.uasset" 574
"../../../UWOT_PREALPHA/Content/CastlePieces/Pieces_of_0/2windowwall_0.uasset" 575
"../../../UWOT_PREALPHA/Content/CastlePieces/Pieces_of_0/2windowwall_1.uasset" 576
"../../../UWOT_PREALPHA/Content/CastlePieces/Pieces_of_0/2windowwall_2.uasset" 577
"../../../UWOT_PREALPHA/Content/CastlePieces/Pieces_of_0/Top1windowL_0.uasset" 578
"../../../UWOT_PREALPHA/Content/CastlePieces/Pieces_of_0/Top1windowL_1.uasset" 579
"../../../UWOT_PREALPHA/Content/CastlePieces/Pieces_of_0/Top1windowL_2.uasset" 580
"../../../UWOT_PREALPHA/Content/CastlePieces/Pieces_of_0/Top1windowR_0.uasset" 581
"../../../UWOT_PREALPHA/Content/CastlePieces/Pieces_of_0/Top1windowR_1.uasset" 582
"../../../UWOT_PREALPHA/Content/CastlePieces/Pieces_of_0/Top1windowR_2.uasset" 583
"../../../UWOT_PREALPHA/Content/CastlePieces/Pieces_of_1/Base_mat.uasset" 584
"../../../UWOT_PREALPHA/Content/CastlePieces/Pieces_of_1/InnerKeepWall_0.uasset" 585
"../../../UWOT_PREALPHA/Content/CastlePieces/Pieces_of_1/InnerKeepWall_1.uasset" 586
"../../../UWOT_PREALPHA/Content/CastlePieces/Pieces_of_1/InnerKeepWall_2.uasset" 587
"../../../UWOT_PREALPHA/Content/CastlePieces/Pieces_of_1/InnerKeepWall_3.uasset" 588
"../../../UWOT_PREALPHA/Content/CastlePieces/Pieces_of_1/InnerKeepWall_4.uasset" 589
"../../../UWOT_PREALPHA/Content/CastlePieces/Pieces_of_1/InnerKeepWall_5.uasset" 590
"../../../UWOT_PREALPHA/Content/CastlePieces/Pieces_of_1/InnerKeepWall_6.uasset" 591
"../../../UWOT_PREALPHA/Content/CastlePieces/Pieces_of_2/Base_mat.uasset" 592
"../../../UWOT_PREALPHA/Content/CastlePieces/Pieces_of_2/EntryWaySmall.uasset" 593
"../../../UWOT_PREALPHA/Content/CastlePieces/Pieces_of_2/FM_ARENA_0_Castle_0_TowerTopCrenel.uasset" 594
"../../../UWOT_PREALPHA/Content/CastlePieces/Pieces_of_2/FM_ARENA_0_Castle_0_wallWithSlot.uasset" 595
"../../../UWOT_PREALPHA/Content/CastlePieces/Pieces_of_2/nowindowwall.uasset" 596
"../../../UWOT_PREALPHA/Content/CastlePieces/Pieces_of_2/SupportTriangleStoneSmall_0.uasset" 597
"../../../UWOT_PREALPHA/Content/CastlePieces/Pieces_of_2/towerentry1.uasset" 598
"../../../UWOT_PREALPHA/Content/CastlePieces/Pieces_of_2/TowerPieceSlotless.uasset" 599
"../../../UWOT_PREALPHA/Content/CastlePieces/Pieces_of_2/WallPieceStairs.uasset" 600
"../../../UWOT_PREALPHA/Content/CastlePieces/Pieces_of_2/WallPieceStairs_NoTon.uasset" 601
"../../../UWOT_PREALPHA/Content/CastlePieces/Pieces_of_2/wallSegmentSmall.uasset" 602
"../../../UWOT_PREALPHA/Content/CastlePieces/Pieces_of_2/WallSupportPiece.uasset" 603
"../../../UWOT_PREALPHA/Content/CastlePieces/Pieces_of_3/Base_mat.uasset" 604
"../../../UWOT_PREALPHA/Content/CastlePieces/Pieces_of_3/ArchedSupports.uasset" 605
"../../../UWOT_PREALPHA/Content/CastlePieces/Pieces_of_3/Castleworks_Arch.uasset" 606
"../../../UWOT_PREALPHA/Content/CastlePieces/Pieces_of_3/Castleworks_Arch_Entrance.uasset" 607
"../../../UWOT_PREALPHA/Content/CastlePieces/Pieces_of_3/Castleworks_Arch_Entrance_reinforce.uasset" 608
"../../../UWOT_PREALPHA/Content/CastlePieces/Pieces_of_3/FM_ARENA_0_Castle_0_side_crenels.uasset" 609
"../../../UWOT_PREALPHA/Content/CastlePieces/Pieces_of_3/FM_ARENA_0_Castle_0_side_crenels_small_piece_bottom_only.uasset" 610
"../../../UWOT_PREALPHA/Content/CastlePieces/Pieces_of_3/nowindowwall_crenel.uasset" 611
"../../../UWOT_PREALPHA/Content/CastlePieces/Pieces_of_3/Small_door_0.uasset" 612
"../../../UWOT_PREALPHA/Content/CastlePieces/Pieces_of_3/Small_door_1.uasset" 613
"../../../UWOT_PREALPHA/Content/CastlePieces/Pieces_of_3/VeryThinWallPiece.uasset" 614
"../../../UWOT_PREALPHA/Content/CastlePieces/Pieces_of_3/WallDoorCentre_0.uasset" 615
"../../../UWOT_PREALPHA/Content/CastlePieces/Pieces_of_3/WallDoorCentre_1.uasset" 616
"../../../UWOT_PREALPHA/Content/CastlePieces/Pieces_of_4/Base_mat.uasset" 617
"../../../UWOT_PREALPHA/Content/CastlePieces/Pieces_of_4/Crenel_pyramid_cut.uasset" 618
"../../../UWOT_PREALPHA/Content/CastlePieces/Pieces_of_4/Keep_top_front_0.uasset" 619
"../../../UWOT_PREALPHA/Content/CastlePieces/Pieces_of_4/Keep_top_front_1.uasset" 620
"../../../UWOT_PREALPHA/Content/CastlePieces/Pieces_of_4/Interior_Material.uasset" 621
"../../../UWOT_PREALPHA/Content/CastlePieces/Pieces_of_4/Keep_top_front_10.uasset" 622
"../../../UWOT_PREALPHA/Content/CastlePieces/Pieces_of_4/Keep_top_front_2.uasset" 623
"../../../UWOT_PREALPHA/Content/CastlePieces/Pieces_of_4/Keep_top_front_3.uasset" 624
"../../../UWOT_PREALPHA/Content/CastlePieces/Pieces_of_4/Keep_top_front_4.uasset" 625
"../../../UWOT_PREALPHA/Content/CastlePieces/Pieces_of_4/Keep_top_front_5.uasset" 626
"../../../UWOT_PREALPHA/Content/CastlePieces/Pieces_of_4/Keep_top_front_6.uasset" 627
"../../../UWOT_PREALPHA/Content/CastlePieces/Pieces_of_4/Keep_top_front_7.uasset" 628
"../../../UWOT_PREALPHA/Content/CastlePieces/Pieces_of_4/Keep_top_front_8.uasset" 629
"../../../UWOT_PREALPHA/Content/CastlePieces/Pieces_of_4/Keep_top_front_9.uasset" 630
"../../../Engine/Content/EngineSky/C_Sky_Cloud_Color.uasset" 631
"../../../Engine/Content/EngineSky/C_Sky_Horizon_Color.uasset" 632
"../../../Engine/Content/EngineSky/C_Sky_Zenith_Color.uasset" 633
"../../../Engine/Content/EngineSky/T_Sky_Blue.uasset" 634
"../../../Engine/Content/EngineSky/T_Sky_Clouds_M.uasset" 635
"../../../Engine/Content/EngineSky/T_Sky_Stars.uasset" 636
"../../../Engine/Content/EngineSky/M_Sky_Panning_Clouds2.uasset" 637
"../../../Engine/Content/EngineSky/SM_SkySphere.uasset" 638
"../../../Engine/Content/EngineSky/BP_Sky_Sphere.uasset" 639
"../../../UWOT_PREALPHA/Content/StarterContent/Shapes/Shape_Cube.uasset" 640
"../../../UWOT_PREALPHA/Content/Temp_Assets/T_El/Inventory/HUDSpellIcons/I_Dart_PH.uasset" 641
"../../../UWOT_PREALPHA/Content/Inventory/Pickups/AirDartPickupAngreal.uasset" 642
"../../../Engine/Content/EditorResources/Ai_Spawnpoint.uasset" 643
"../../../UWOT_PREALPHA/Content/Temp_Assets/Geometry/Meshes/CubeMaterial.uasset" 644
"../../../UWOT_PREALPHA/Content/Temp_Assets/Geometry/Meshes/1M_Cube_Chamfer.uasset" 645
"../../../UWOT_PREALPHA/Content/Inventory/Pickups/AirWallPickup.uasset" 646
"../../../UWOT_PREALPHA/Content/Elements/Fire/Materials/AngrealFireballPickupTex.uasset" 647
"../../../UWOT_PREALPHA/Content/Elements/Fire/Materials/FIreBallPickupMat.uasset" 648
"../../../UWOT_PREALPHA/Content/Elements/Fire/Meshes/FireBallPickup.uasset" 649
"../../../UWOT_PREALPHA/Content/Temp_Assets/T_El/Inventory/HUDSpellIcons/I_Fireball_PH.uasset" 650
"../../../UWOT_PREALPHA/Content/Inventory/Pickups/FireBallPickup2.uasset" 651
"../../../UWOT_PREALPHA/Content/Temp_Assets/UmodelExport/Angreal/Texture/I_Seeker.uasset" 652
"../../../UWOT_PREALPHA/Content/Inventory/Pickups/FogPickup.uasset" 653
"../../../UWOT_PREALPHA/Content/StarterContent/Textures/T_Lamp_M.uasset" 654
"../../../UWOT_PREALPHA/Content/StarterContent/Textures/T_Lamp_N.uasset" 655
"../../../UWOT_PREALPHA/Content/StarterContent/Props/Materials/M_Lamp.uasset" 656
"../../../UWOT_PREALPHA/Content/StarterContent/Props/SM_Lamp_Ceiling.uasset" 657
"../../../UWOT_PREALPHA/Content/StarterContent/Blueprints/Blueprint_CeilingLight.uasset" 658
"../../../UWOT_PREALPHA/Content/StarterContent/Props/SM_Lamp_Wall.uasset" 659
"../../../UWOT_PREALPHA/Content/StarterContent/Blueprints/Blueprint_WallSconce.uasset" 660
"../../../UWOT_PREALPHA/Content/System/Spells/SpellCoolDown.uasset" 661
"../../../UWOT_PREALPHA/Content/System/UWOT_PlayerController.uasset" 662
"../../../UWOT_PREALPHA/Content/System/UI/StatStruct.uasset" 663
"../../../UWOT_PREALPHA/Content/ThirdPersonCPP/Blueprints/UWOT_BaseGameState.uasset" 664
"../../../UWOT_PREALPHA/Content/Elliana/Meshes/EllianaBaseH77Test5_Skeleton.uasset" 665
"../../../UWOT_PREALPHA/Content/Elliana/Anims/Death.uasset" 666
"../../../UWOT_PREALPHA/Content/Elliana/Anims/Jump_Apex.uasset" 667
"../../../UWOT_PREALPHA/Content/Elliana/Anims/Jump_Land.uasset" 668
"../../../UWOT_PREALPHA/Content/Elliana/Anims/Idle.uasset" 669
"../../../UWOT_PREALPHA/Content/Elliana/Anims/Jog_Fwd.uasset" 670
"../../../UWOT_PREALPHA/Content/Elliana/Anims/EllianaTestFwdBlendSpace.uasset" 671
"../../../UWOT_PREALPHA/Content/Elliana/Anims/EllianaTestMovementBP.uasset" 672
"../../../UWOT_PREALPHA/Content/Inventory/SubInventoryArray.uasset" 673
"../../../UWOT_PREALPHA/Content/System/UWOTGameInstance.uasset" 674
"../../../UWOT_PREALPHA/Content/ThirdPersonCPP/Blueprints/HUD/HandSelectionStruct.uasset" 675
"../../../UWOT_PREALPHA/Content/ThirdPersonCPP/Blueprints/HUD/SubInvStruct.uasset" 676
"../../../UWOT_PREALPHA/Content/Temp_Assets/T_El/Inventory/HUDSpellIcons/I_BackRoundPane.uasset" 677
"../../../UWOT_PREALPHA/Content/Temp_Assets/T_El/Inventory/HUDSpellIcons/I_Selected_L.uasset" 678
"../../../UWOT_PREALPHA/Content/Temp_Assets/T_El/Inventory/HUDSpellIcons/I_Selected_R.uasset" 679
"../../../UWOT_PREALPHA/Content/Temp_Assets/T_El/Inventory/HUDSpellIcons/I_SpellFrame_32.uasset" 680
"../../../UWOT_PREALPHA/Content/Temp_Assets/T_El/Inventory/SpellSelectionMark1.uasset" 681
"../../../UWOT_PREALPHA/Content/Temp_Assets/T_El/Inventory/SpellSelectionMark2.uasset" 682
"../../../UWOT_PREALPHA/Content/ThirdPersonCPP/Blueprints/HUD/SubInventory.uasset" 683
"../../../UWOT_PREALPHA/Content/ThirdPersonCPP/Blueprints/HUD/MinorSubInvStruct.uasset" 684
"../../../UWOT_PREALPHA/Content/Temp_Assets/T_El/Inventory/HUDSpellIcons/I_SpellFrame_2.uasset" 685
"../../../UWOT_PREALPHA/Content/ThirdPersonCPP/Blueprints/HUD/SubInventoryMinor.uasset" 686
"../../../UWOT_PREALPHA/Content/ThirdPersonCPP/Blueprints/HUD/SubInvMinorSelectionBox.uasset" 687
"../../../UWOT_PREALPHA/Content/ThirdPersonCPP/Blueprints/HUD/browntriangle_small.uasset" 688
"../../../UWOT_PREALPHA/Content/ThirdPersonCPP/Blueprints/HUD/CircleCrosshairDotted.uasset" 689
"../../../UWOT_PREALPHA/Content/ThirdPersonCPP/Blueprints/HUD/Compas_UWOT_.uasset" 690
"../../../UWOT_PREALPHA/Content/ThirdPersonCPP/Blueprints/HUD/CornersToInventoryDisplay_Base_7.uasset" 691
"../../../UWOT_PREALPHA/Content/ThirdPersonCPP/Blueprints/HUD/Hit.uasset" 692
"../../../UWOT_PREALPHA/Content/ThirdPersonCPP/Blueprints/HUD/HitDirectionIndicatorAlpha.uasset" 693
"../../../UWOT_PREALPHA/Content/ThirdPersonCPP/Blueprints/HUD/Skull_UWOT_small.uasset" 694
"../../../UWOT_PREALPHA/Content/ThirdPersonCPP/Blueprints/HUD/SkullUWOT2.uasset" 695
"../../../UWOT_PREALPHA/Content/ThirdPersonCPP/Blueprints/HUD/HUD.uasset" 696
"../../../Engine/Content/EditorBlueprintResources/ActorMacros.uasset" 697
"../../../UWOT_PREALPHA/Content/Elements/Air/Meshes/AirDartAltMesh.uasset" 698
"../../../UWOT_PREALPHA/Content/Elements/Fire/Materials/T_Effects_Burst.uasset" 699
"../../../UWOT_PREALPHA/Content/Elements/Fire/Materials/M_Burst.uasset" 700
"../../../UWOT_PREALPHA/Content/Elements/Fire/Materials/T_explo_SubUV.uasset" 701
"../../../UWOT_PREALPHA/Content/Elements/Fire/Materials/M_explosion_subUV.uasset" 702
"../../../UWOT_PREALPHA/Content/Elements/Fire/Materials/m_flare_01.uasset" 703
"../../../UWOT_PREALPHA/Content/Elements/Fire/Materials/M_radial_ramp.uasset" 704
"../../../UWOT_PREALPHA/Content/Elements/Fire/Materials/P_Explosion_Fireball.uasset" 705
"../../../UWOT_PREALPHA/Content/Elements/Air/Blueprints/AirdarAltFire.uasset" 706
"../../../UWOT_PREALPHA/Content/Elements/Air/Materials/M_Burst_2.uasset" 707
"../../../UWOT_PREALPHA/Content/Elements/Air/Materials/P_AirDart_Burst.uasset" 708
"../../../UWOT_PREALPHA/Content/Elements/Air/Materials/T_Air_subUV_01.uasset" 709
"../../../UWOT_PREALPHA/Content/Elements/Air/Materials/M_Air.uasset" 710
"../../../UWOT_PREALPHA/Content/Elements/Air/Materials/m_flare_2.uasset" 711
"../../../Engine/Content/Functions/Engine_MaterialFunctions02/Utility/Swizzle.uasset" 712
"../../../Engine/Content/EngineVolumetrics/Fogsheet/Materials/T_EV_FogSheet_Falloff_02.uasset" 713
"../../../UWOT_PREALPHA/Content/Elements/M_Particle_Ribbon.uasset" 714
"../../../UWOT_PREALPHA/Content/Temp_Assets/DartAesSedaiTransparent.uasset" 715
"../../../UWOT_PREALPHA/Content/Temp_Assets/DartTwoSided.uasset" 716
"../../../UWOT_PREALPHA/Content/Temp_Assets/DartScaledSmoothed.uasset" 717
"../../../UWOT_PREALPHA/Content/Elements/Air/Materials/P_AirDart_Projectilee.uasset" 718
"../../../UWOT_PREALPHA/Content/Elements/Air/Blueprints/AirDart.uasset" 719
"../../../UWOT_PREALPHA/Content/Elements/Air/Blueprints/BP_AirWall.uasset" 720
"../../../UWOT_PREALPHA/Content/Elements/Air/Materials/M_AirWall.uasset" 721
"../../../UWOT_PREALPHA/Content/Elements/Air/Meshes/Material.uasset" 722
"../../../UWOT_PREALPHA/Content/Elements/Air/Meshes/AirWallAlt.uasset" 723
"../../../Engine/Content/Functions/Engine_MaterialFunctions01/Gradient/RadialGradientExponential.uasset" 724
"../../../UWOT_PREALPHA/Content/Elements/Air/Materials/M_ShieldHit.uasset" 725
"../../../UWOT_PREALPHA/Content/Elements/Air/ParticleEmitters/ShieldHitEffect.uasset" 726
"../../../UWOT_PREALPHA/Content/Elements/Air/Blueprints/BP_A_AirWall.uasset" 727
"../../../UWOT_PREALPHA/Content/Elements/Air/Meshes/AirShield.uasset" 728
"../../../UWOT_PREALPHA/Content/Elements/Air/Blueprints/BP_P_AirWall.uasset" 729
"../../../UWOT_PREALPHA/Content/Elements/Fire/Materials/P_FireBall_Flight.uasset" 730
"../../../UWOT_PREALPHA/Content/Elements/Fire/Blueprints/FireBall.uasset" 731
"../../../UWOT_PREALPHA/Content/Elements/Fire/Blueprints/OPFireBall.uasset" 732
"../../../UWOT_PREALPHA/Content/Elements/Water/Materials/M_Fog.uasset" 733
"../../../UWOT_PREALPHA/Content/Elements/Water/Materials/PE_Fog.uasset" 734
"../../../UWOT_PREALPHA/Content/Elements/Water/Blueprints/Fog.uasset" 735
"../../../UWOT_PREALPHA/Content/Elliana/Textures/T_M_Shape_Cube_M_Phase_hair_short_8A51582A454296F4C0B997A2AD1D6DF0_BaseColor.uasset" 736
"../../../UWOT_PREALPHA/Content/Elliana/Textures/T_M_Shape_Cube_M_Phase_hair_short_OpacityMask.uasset" 737
"../../../UWOT_PREALPHA/Content/Temp_Assets/EllianaPhaseConv/T_Phase_Hair_Orange.uasset" 738
"../../../UWOT_PREALPHA/Content/Elliana/Materials/M_Elliana_Hair.uasset" 739
"../../../UWOT_PREALPHA/Content/Elliana/Textures/T_M_Shape_Cube_M_Phase_body_head_941EDD484E583FD3EC55A7A876B1941C_BaseColor.uasset" 740
"../../../UWOT_PREALPHA/Content/Elliana/Textures/T_M_Shape_Cube_M_Phase_body_head_9C7B766B4A5B2720D345198FA28A885A_Normal.uasset" 741
"../../../UWOT_PREALPHA/Content/Elliana/Materials/M_Elliana_Skin.uasset" 742
"../../../UWOT_PREALPHA/Content/Elliana/Meshes/Fbx_Default_Material_10.uasset" 743
"../../../UWOT_PREALPHA/Content/Temp_Assets/T_El/Eye/T_M_Shape_Cube_M_EyeRefractive_BaseColor.uasset" 744
"../../../UWOT_PREALPHA/Content/Temp_Assets/T_El/Eye/T_M_Shape_Cube_M_EyeRefractive_Metallic.uasset" 745
"../../../UWOT_PREALPHA/Content/Temp_Assets/T_El/Eye/T_M_Shape_Cube_M_EyeRefractive_Normal.uasset" 746
"../../../UWOT_PREALPHA/Content/Temp_Assets/T_El/Eye/T_M_Shape_Cube_M_EyeRefractive_Roughness.uasset" 747
"../../../UWOT_PREALPHA/Content/Temp_Assets/T_El/Eye/T_M_Shape_Cube_M_EyeRefractiveAmbientOcclusion.uasset" 748
"../../../UWOT_PREALPHA/Content/Temp_Assets/T_El/Eye/T_M_Shape_Cube_M_EyeRefractiveSpecular.uasset" 749
"../../../UWOT_PREALPHA/Content/Temp_Assets/T_El/Eye/EllianaEye.uasset" 750
"../../../UWOT_PREALPHA/Content/Temp_Assets/T_El/Eye/M_Elliana_eyeopasity.uasset" 751
"../../../UWOT_PREALPHA/Content/Temp_Assets/T_El/Eyelash/T_M_Shape_Cube_Eyelash_Exporter_Opacity.uasset" 752
"../../../UWOT_PREALPHA/Content/Temp_Assets/T_El/Eyelash/M_Elliana_Eyelash.uasset" 753
"../../../UWOT_PREALPHA/Content/Temp_Assets/T_El/Lace/T_lace_OpacityMask.uasset" 754
"../../../UWOT_PREALPHA/Content/Temp_Assets/T_El/Lace/M_Elliana_Lace.uasset" 755
"../../../UWOT_PREALPHA/Content/Temp_Assets/T_El/Mouth/T_M_Shape_Cube_M_Mouth_MId_color_BaseColor.uasset" 756
"../../../UWOT_PREALPHA/Content/Temp_Assets/T_El/Mouth/T_M_Shape_Cube_M_Mouth_MId_color_Normal.uasset" 757
"../../../UWOT_PREALPHA/Content/Temp_Assets/T_El/Mouth/T_M_Shape_Cube_M_Mouth_MId_color_Opacity.uasset" 758
"../../../UWOT_PREALPHA/Content/Temp_Assets/T_El/Mouth/T_M_Shape_Cube_M_Mouth_MId_color_Roughness.uasset" 759
"../../../UWOT_PREALPHA/Content/Temp_Assets/T_El/Mouth/T_M_Shape_Cube_M_Mouth_MId_color_Specular.uasset" 760
"../../../UWOT_PREALPHA/Content/Temp_Assets/T_El/Mouth/M_Elliana_Mouth.uasset" 761
"../../../UWOT_PREALPHA/Content/Temp_Assets/T_El/SkShJewl/T_M_Shape_Cube_M_Phase_Kitty_Skirt_Shoe_Jewelery_2aseColor.uasset" 762
"../../../UWOT_PREALPHA/Content/Temp_Assets/T_El/SkShJewl/T_M_Shape_Cube_M_Phase_Kitty_Skirt_Shoe_Jewelery_Metallic.uasset" 763
"../../../UWOT_PREALPHA/Content/Temp_Assets/T_El/SkShJewl/T_M_Shape_Cube_M_Phase_Kitty_Skirt_Shoe_Jewelery_Normal.uasset" 764
"../../../UWOT_PREALPHA/Content/Temp_Assets/T_El/SkShJewl/T_M_Shape_Cube_M_Phase_Kitty_Skirt_Shoe_Jewelery_Roughness.uasset" 765
"../../../UWOT_PREALPHA/Content/Temp_Assets/T_El/SkShJewl/T_M_Shape_Cube_M_Phase_Kitty_Skirt_Shoe_Jewelery_Specular.uasset" 766
"../../../UWOT_PREALPHA/Content/Temp_Assets/T_El/SkShJewl/M_Elliana_Jewlry.uasset" 767
"../../../UWOT_PREALPHA/Content/Temp_Assets/T_El/TearLine/M_Elliana_simpleTearLine.uasset" 768
"../../../UWOT_PREALPHA/Content/Elliana/Meshes/EllianaBaseH77Test5_PhysicsAsset.uasset" 769
"../../../UWOT_PREALPHA/Content/Elliana/Meshes/EllianaBaseH77Test5.uasset" 770
"../../../UWOT_PREALPHA/Content/System/UI/NewTextureRenderTarget2D.uasset" 771
"../../../UWOT_PREALPHA/Content/System/UI/RecordingActor.uasset" 772
"../../../UWOT_PREALPHA/Content/AssetTests/Generation_1/Material.uasset" 773
"../../../UWOT_PREALPHA/Content/AssetTests/Generation_1/ShieldTest.uasset" 774
"../../../UWOT_PREALPHA/Content/TrashCan/Wall_Casting_Test.uasset" 775
"../../../UWOT_PREALPHA/Content/AssetTests/Generation_2/Flow/MidResolutionFlowGrid.uasset" 776
"../../../UWOT_PREALPHA/Content/System/UI/MutatorButton.uasset" 777
"../../../UWOT_PREALPHA/Content/System/UI/SessionButton.uasset" 778
"../../../UWOT_PREALPHA/Content/System/UI/JOINSessionMenu.uasset" 779
"../../../UWOT_PREALPHA/Content/System/UI/MAINMenu.uasset" 780
"../../../UWOT_PREALPHA/Content/System/UI/HOSTSessionMenu.uasset" 781
"../../../UWOT_PREALPHA/Content/System/UI/IngameEscapeMenu.uasset" 782
"../../../UWOT_PREALPHA/Content/System/UI/ScoreWidget.uasset" 783
"../../../UWOT_PREALPHA/Content/System/UI/Stats.uasset" 784
"../../../UWOT_PREALPHA/Content/System/UI/ItemSlotHover.uasset" 785
"../../../UWOT_PREALPHA/Content/System/UI/GroundSlot.uasset" 786
"../../../UWOT_PREALPHA/Content/System/UI/ItemSlot.uasset" 787
"../../../UWOT_PREALPHA/Content/System/UI/M_RenderTarget.uasset" 788
"../../../UWOT_PREALPHA/Content/System/UI/PlayerInHudWidget.uasset" 789
"../../../UWOT_PREALPHA/Content/System/UI/InventoryMain.uasset" 790
"../../../Engine/Content/EngineMeshes/Sphere.uasset" 791
"../../../UWOT_PREALPHA/Content/Elements/Fire/Materials/P_FireBall_Charging.uasset" 792
"../../../UWOT_PREALPHA/Content/ThirdPersonCPP/Characters/UBlighthold_BaseCharacter.uasset" 793
"../../../UWOT_PREALPHA/Content/System/UWOT_DM.uasset" 794
"../../../Engine/Content/Functions/Engine_MaterialFunctions03/Procedurals/ComputeFilterWidth.uasset" 795
"../../../Engine/Content/EngineMaterials/AntiAliasedTextMaterialTranslucent.uasset" 796
"../../../UWOT_PREALPHA/Content/StarterContent/Textures/T_Brick_Clay_Beveled_D.uasset" 797
"../../../UWOT_PREALPHA/Content/StarterContent/Textures/T_Brick_Clay_Beveled_M.uasset" 798
"../../../UWOT_PREALPHA/Content/StarterContent/Textures/T_Brick_Clay_Beveled_N.uasset" 799
"../../../UWOT_PREALPHA/Content/StarterContent/Materials/M_Brick_Clay_Beveled.uasset" 800
"../../../UWOT_PREALPHA/Content/StarterContent/Textures/T_Brick_Clay_New_D.uasset" 801
"../../../UWOT_PREALPHA/Content/StarterContent/Textures/T_Brick_Clay_New_M.uasset" 802
"../../../UWOT_PREALPHA/Content/StarterContent/Textures/T_Brick_Clay_New_N.uasset" 803
"../../../UWOT_PREALPHA/Content/StarterContent/Materials/M_Brick_Clay_New.uasset" 804
"../../../UWOT_PREALPHA/Content/StarterContent/Textures/T_Brick_Clay_Old_D.uasset" 805
"../../../UWOT_PREALPHA/Content/StarterContent/Textures/T_Brick_Clay_Old_N.uasset" 806
"../../../UWOT_PREALPHA/Content/StarterContent/Materials/M_Brick_Clay_Old.uasset" 807
"../../../UWOT_PREALPHA/Content/StarterContent/Textures/T_Brick_Cut_Stone_D.uasset" 808
"../../../UWOT_PREALPHA/Content/StarterContent/Textures/T_Brick_Cut_Stone_N.uasset" 809
"../../../UWOT_PREALPHA/Content/StarterContent/Materials/M_Brick_Cut_Stone.uasset" 810
"../../../UWOT_PREALPHA/Content/StarterContent/Textures/T_Brick_Hewn_Stone_D.uasset" 811
"../../../UWOT_PREALPHA/Content/StarterContent/Textures/T_Brick_Hewn_Stone_M.uasset" 812
"../../../UWOT_PREALPHA/Content/StarterContent/Textures/T_Brick_Hewn_Stone_N.uasset" 813
"../../../UWOT_PREALPHA/Content/StarterContent/Materials/M_Brick_Hewn_Stone.uasset" 814
"../../../UWOT_PREALPHA/Content/StarterContent/Textures/T_Ceramic_Tile_M.uasset" 815
"../../../UWOT_PREALPHA/Content/StarterContent/Textures/T_Ceramic_Tile_N.uasset" 816
"../../../UWOT_PREALPHA/Content/StarterContent/Textures/T_Rock_Marble_Polished_D.uasset" 817
"../../../UWOT_PREALPHA/Content/StarterContent/Materials/M_Ceramic_Tile_Checker.uasset" 818
"../../../UWOT_PREALPHA/Content/StarterContent/Textures/T_CobbleStone_Pebble_D.uasset" 819
"../../../UWOT_PREALPHA/Content/StarterContent/Textures/T_CobbleStone_Pebble_M.uasset" 820
"../../../UWOT_PREALPHA/Content/StarterContent/Textures/T_CobbleStone_Pebble_N.uasset" 821
"../../../UWOT_PREALPHA/Content/StarterContent/Materials/M_CobbleStone_Pebble.uasset" 822
"../../../UWOT_PREALPHA/Content/StarterContent/Textures/T_CobbleStone_Rough_D.uasset" 823
"../../../UWOT_PREALPHA/Content/StarterContent/Textures/T_CobbleStone_Rough_N.uasset" 824
"../../../UWOT_PREALPHA/Content/StarterContent/Textures/T_Gradinet_01.uasset" 825
"../../../UWOT_PREALPHA/Content/StarterContent/Textures/T_Rock_Smooth_Granite_D.uasset" 826
"../../../UWOT_PREALPHA/Content/StarterContent/Materials/M_CobbleStone_Rough.uasset" 827
"../../../UWOT_PREALPHA/Content/StarterContent/Textures/T_CobbleStone_Smooth_D.uasset" 828
"../../../UWOT_PREALPHA/Content/StarterContent/Textures/T_CobbleStone_Smooth_M.uasset" 829
"../../../UWOT_PREALPHA/Content/StarterContent/Textures/T_CobbleStone_Smooth_N.uasset" 830
"../../../UWOT_PREALPHA/Content/StarterContent/Materials/M_CobbleStone_Smooth.uasset" 831
"../../../UWOT_PREALPHA/Content/StarterContent/Textures/T_Concrete_Grime_D.uasset" 832
"../../../UWOT_PREALPHA/Content/StarterContent/Textures/T_Metal_Rust_N.uasset" 833
"../../../UWOT_PREALPHA/Content/StarterContent/Materials/M_Concrete_Grime.uasset" 834
"../../../UWOT_PREALPHA/Content/StarterContent/Textures/T_Concrete_Panels_D.uasset" 835
"../../../UWOT_PREALPHA/Content/StarterContent/Textures/T_Concrete_Panels_N.uasset" 836
"../../../UWOT_PREALPHA/Content/StarterContent/Materials/M_Concrete_Panels.uasset" 837
"../../../UWOT_PREALPHA/Content/StarterContent/Textures/T_Concrete_Poured_D.uasset" 838
"../../../UWOT_PREALPHA/Content/StarterContent/Textures/T_Concrete_Poured_N.uasset" 839
"../../../UWOT_PREALPHA/Content/StarterContent/Materials/M_Concrete_Poured.uasset" 840
"../../../UWOT_PREALPHA/Content/StarterContent/Textures/T_Concrete_Tiles_D.uasset" 841
"../../../UWOT_PREALPHA/Content/StarterContent/Textures/T_Concrete_Tiles_M.uasset" 842
"../../../UWOT_PREALPHA/Content/StarterContent/Textures/T_Concrete_Tiles_N.uasset" 843
"../../../UWOT_PREALPHA/Content/StarterContent/Textures/T_Concrete_Tiles_Variation_M.uasset" 844
"../../../UWOT_PREALPHA/Content/StarterContent/Materials/M_Concrete_Tiles.uasset" 845
"../../../UWOT_PREALPHA/Content/StarterContent/Textures/T_Ground_Grass_N.uasset" 846
"../../../UWOT_PREALPHA/Content/StarterContent/Materials/M_Ground_Grass.uasset" 847
"../../../UWOT_PREALPHA/Content/StarterContent/Textures/T_Ground_Gravel_D.uasset" 848
"../../../UWOT_PREALPHA/Content/StarterContent/Textures/T_Ground_Gravel_N.uasset" 849
"../../../UWOT_PREALPHA/Content/StarterContent/Materials/M_Ground_Gravel.uasset" 850
"../../../UWOT_PREALPHA/Content/StarterContent/Textures/T_ground_Moss_D.uasset" 851
"../../../UWOT_PREALPHA/Content/StarterContent/Textures/T_Ground_Moss_N.uasset" 852
"../../../UWOT_PREALPHA/Content/StarterContent/Materials/M_Ground_Moss.uasset" 853
"../../../UWOT_PREALPHA/Content/StarterContent/Materials/M_Metal_Brushed_Nickel.uasset" 854
"../../../UWOT_PREALPHA/Content/StarterContent/Textures/T_Metal_Aluminum_D.uasset" 855
"../../../UWOT_PREALPHA/Content/StarterContent/Textures/T_Metal_Gold_N.uasset" 856
"../../../UWOT_PREALPHA/Content/StarterContent/Materials/M_Metal_Burnished_Steel.uasset" 857
"../../../UWOT_PREALPHA/Content/StarterContent/Materials/M_Metal_Chrome.uasset" 858
"../../../UWOT_PREALPHA/Content/StarterContent/Textures/T_Metal_Copper_D.uasset" 859
"../../../UWOT_PREALPHA/Content/StarterContent/Materials/M_Metal_Copper.uasset" 860
"../../../UWOT_PREALPHA/Content/StarterContent/Textures/T_Metal_Gold_D.uasset" 861
"../../../UWOT_PREALPHA/Content/StarterContent/Materials/M_Metal_Gold.uasset" 862
"../../../UWOT_PREALPHA/Content/StarterContent/Textures/T_Metal_Rust_D.uasset" 863
"../../../UWOT_PREALPHA/Content/StarterContent/Materials/M_Metal_Rust.uasset" 864
"../../../UWOT_PREALPHA/Content/StarterContent/Textures/T_Metal_Steel_D.uasset" 865
"../../../UWOT_PREALPHA/Content/StarterContent/Textures/T_Metal_Steel_N.uasset" 866
"../../../UWOT_PREALPHA/Content/StarterContent/Materials/M_Metal_Steel.uasset" 867
"../../../UWOT_PREALPHA/Content/StarterContent/Materials/M_Rock_Basalt.uasset" 868
"../../../UWOT_PREALPHA/Content/StarterContent/Materials/M_Rock_Marble_Polished.uasset" 869
"../../../UWOT_PREALPHA/Content/StarterContent/Textures/T_Rock_Sandstone_D.uasset" 870
"../../../UWOT_PREALPHA/Content/StarterContent/Textures/T_Rock_Sandstone_N.uasset" 871
"../../../UWOT_PREALPHA/Content/StarterContent/Materials/M_Rock_Sandstone.uasset" 872
"../../../UWOT_PREALPHA/Content/StarterContent/Textures/T_Rock_Slate_D.uasset" 873
"../../../UWOT_PREALPHA/Content/StarterContent/Textures/T_Rock_Slate_N.uasset" 874
"../../../UWOT_PREALPHA/Content/StarterContent/Materials/M_Rock_Slate.uasset" 875
"../../../UWOT_PREALPHA/Content/StarterContent/Textures/T_Checker_Noise_M.uasset" 876
"../../../UWOT_PREALPHA/Content/StarterContent/Textures/T_Single_Tile_N.uasset" 877
"../../../UWOT_PREALPHA/Content/StarterContent/Textures/T_Tech_Dot_M.uasset" 878
"../../../UWOT_PREALPHA/Content/StarterContent/Textures/T_Tech_Dot_N.uasset" 879
"../../../UWOT_PREALPHA/Content/StarterContent/Materials/M_Tech_Checker_Dot.uasset" 880
"../../../UWOT_PREALPHA/Content/StarterContent/Textures/T_Tech_Hex_Tile_N.uasset" 881
"../../../UWOT_PREALPHA/Content/StarterContent/Materials/M_Tech_Hex_Tile.uasset" 882
"../../../UWOT_PREALPHA/Content/StarterContent/Materials/M_Tech_Hex_Tile_Pulse.uasset" 883
"../../../UWOT_PREALPHA/Content/StarterContent/Textures/T_Tech_Panel_M.uasset" 884
"../../../UWOT_PREALPHA/Content/StarterContent/Textures/T_Tech_Panel_N.uasset" 885
"../../../UWOT_PREALPHA/Content/StarterContent/Materials/M_Tech_Panel.uasset" 886
"../../../UWOT_PREALPHA/Content/StarterContent/Materials/M_Water_Lake.uasset" 887
"../../../UWOT_PREALPHA/Content/StarterContent/Textures/T_Water_M.uasset" 888
"../../../UWOT_PREALPHA/Content/StarterContent/Materials/M_Water_Ocean.uasset" 889
"../../../UWOT_PREALPHA/Content/StarterContent/Textures/T_Wood_Floor_Walnut_D.uasset" 890
"../../../UWOT_PREALPHA/Content/StarterContent/Textures/T_Wood_Floor_Walnut_M.uasset" 891
"../../../UWOT_PREALPHA/Content/StarterContent/Textures/T_Wood_Floor_Walnut_N.uasset" 892
"../../../UWOT_PREALPHA/Content/StarterContent/Materials/M_Wood_Floor_Walnut_Polished.uasset" 893
"../../../Engine/Content/Functions/Engine_MaterialFunctions01/Opacity/AlphaOffset.uasset" 894
"../../../UWOT_PREALPHA/Content/StarterContent/Materials/M_Wood_Floor_Walnut_Worn.uasset" 895
"../../../UWOT_PREALPHA/Content/StarterContent/Materials/M_Wood_Oak.uasset" 896
"../../../UWOT_PREALPHA/Content/StarterContent/Textures/T_Wood_Pine_N.uasset" 897
"../../../UWOT_PREALPHA/Content/StarterContent/Materials/M_Wood_Pine.uasset" 898
"../../../UWOT_PREALPHA/Content/StarterContent/Textures/T_Wood_Walnut_D.uasset" 899
"../../../UWOT_PREALPHA/Content/StarterContent/Textures/T_Wood_Walnut_N.uasset" 900
"../../../UWOT_PREALPHA/Content/StarterContent/Materials/M_Wood_Walnut.uasset" 901
"../../../UWOT_PREALPHA/Content/AssetTests/Generation_1/M_Rock_Marble_Polished_UVSCLABLE.uasset" 902
"../../../UWOT_PREALPHA/Content/AssetTests/Generation_1/M_Rock_Marble_Polished_UVSCLABLE_InstHighTile.uasset" 903
"../../../UWOT_PREALPHA/Content/CastlePieces/materials/M_Rock_Basalt_UVSCALABLE_Inst_even_less_tile.uasset" 904
"../../../UWOT_PREALPHA/Content/AssetTests/Generation_1/ARENA_0_Castle_0_WoodFloorWall2Longplank.uasset" 905
"../../../UWOT_PREALPHA/Content/AssetTests/Generation_1/ARENA_0_Castle_0_WoodTestCut.uasset" 906
"../../../UWOT_PREALPHA/Content/AssetTests/Generation_1/Castleworks_Floor.uasset" 907
"../../../UWOT_PREALPHA/Content/AssetTests/Generation_1/Castleworks_Floor_2.uasset" 908
"../../../UWOT_PREALPHA/Content/AssetTests/Generation_1/FM_ARENA_0_Castle_0_MarbleFloorWall.uasset" 909
"../../../UWOT_PREALPHA/Content/AssetTests/Generation_1/TestHeavierRocks.uasset" 910
"../../../UWOT_PREALPHA/Content/AssetTests/Generation_1/VeryThinWallPiece.uasset" 911
"../../../UWOT_PREALPHA/Content/AssetTests/Generation_2/BakeryFloor.uasset" 912
"../../../UWOT_PREALPHA/Content/AssetTests/Generation_2/WorldGridMaterial.uasset" 913
"../../../UWOT_PREALPHA/Content/AssetTests/Generation_2/CurvedCutStairs.uasset" 914
"../../../UWOT_PREALPHA/Content/AssetTests/Generation_2/CurvedTowerStairsProto_mirrored.uasset" 915
"../../../UWOT_PREALPHA/Content/AssetTests/Generation_2/CurvedTowerStairsShortened.uasset" 916
"../../../UWOT_PREALPHA/Content/AssetTests/Generation_2/FloorCutToPieces.uasset" 917
"../../../UWOT_PREALPHA/Content/AssetTests/Generation_2/FloorEast_proto.uasset" 918
"../../../UWOT_PREALPHA/Content/AssetTests/Generation_2/FloorKeepTopLevel.uasset" 919
"../../../UWOT_PREALPHA/Content/AssetTests/Generation_2/FloorWest_proto.uasset" 920
"../../../UWOT_PREALPHA/Content/AssetTests/Generation_2/GatehouseFloor.uasset" 921
"../../../UWOT_PREALPHA/Content/AssetTests/Generation_2/KeepEntranceMarbleStairs.uasset" 922
"../../../UWOT_PREALPHA/Content/AssetTests/Generation_2/MarbleTowerFloor.uasset" 923
"../../../UWOT_PREALPHA/Content/AssetTests/Generation_2/StaircaseCurvedHallProto.uasset" 924
"../../../UWOT_PREALPHA/Content/AssetTests/Generation_2/Tower1step.uasset" 925
"../../../UWOT_PREALPHA/Content/AssetTests/Generation_2/Tower3steps.uasset" 926
"../../../UWOT_PREALPHA/Content/AssetTests/Generation_2/TowerFloorLevel1.uasset" 927
"../../../UWOT_PREALPHA/Content/AssetTests/Generation_2/TowerFloorLevel2.uasset" 928
"../../../UWOT_PREALPHA/Content/AssetTests/Generation_2/TowerFloorLevel3.uasset" 929
"../../../UWOT_PREALPHA/Content/AssetTests/Generation_2/WallCornerWoodenFloor_proto.uasset" 930
"../../../UWOT_PREALPHA/Content/AssetTests/Generation_2/WallHalfWoodenFloor_proto.uasset" 931
"../../../UWOT_PREALPHA/Content/AssetTests/Generation_2/WallSmallCornerWoodenFloor_proto.uasset" 932
"../../../UWOT_PREALPHA/Content/StarterContent/Architecture/Floor_400x400.uasset" 933
"../../../UWOT_PREALPHA/Content/StarterContent/Architecture/Wall_400x200.uasset" 934
"../../../UWOT_PREALPHA/Content/StarterContent/Architecture/Wall_Door_400x300.uasset" 935
"../../../UWOT_PREALPHA/Content/StarterContent/Architecture/Wall_Window_400x300.uasset" 936
"../../../UWOT_PREALPHA/Content/StarterContent/Audio/Collapse_Cue.uasset" 937
"../../../UWOT_PREALPHA/Content/StarterContent/Audio/Starter_Background_Cue.uasset" 938
"../../../UWOT_PREALPHA/Content/StarterContent/Audio/Starter_Music_Cue.uasset" 939
"../../../UWOT_PREALPHA/Content/StarterContent/Textures/T_Dust_Particle_D.uasset" 940
"../../../UWOT_PREALPHA/Content/StarterContent/Particles/Materials/M_Dust_Particle.uasset" 941
"../../../UWOT_PREALPHA/Content/StarterContent/Particles/P_Ambient_Dust.uasset" 942
"../../../UWOT_PREALPHA/Content/StarterContent/Props/MaterialSphere.uasset" 943
"../../../UWOT_PREALPHA/Content/StarterContent/Props/SM_Chair.uasset" 944
"../../../UWOT_PREALPHA/Content/StarterContent/Textures/T_Frame_M.uasset" 945
"../../../UWOT_PREALPHA/Content/StarterContent/Textures/T_Frame_N.uasset" 946
"../../../UWOT_PREALPHA/Content/StarterContent/Props/Materials/M_Frame.uasset" 947
"../../../UWOT_PREALPHA/Content/StarterContent/Props/SM_CornerFrame.uasset" 948
"../../../UWOT_PREALPHA/Content/StarterContent/Props/SM_DoorFrame.uasset" 949
"../../../UWOT_PREALPHA/Content/StarterContent/Props/SM_GlassWindow.uasset" 950
"../../../UWOT_PREALPHA/Content/StarterContent/Props/SM_PillarFrame.uasset" 951
"../../../UWOT_PREALPHA/Content/StarterContent/Props/SM_PillarFrame300.uasset" 952
"../../../UWOT_PREALPHA/Content/StarterContent/Textures/T_Statue_M.uasset" 953
"../../../UWOT_PREALPHA/Content/StarterContent/Textures/T_Statue_N.uasset" 954
"../../../UWOT_PREALPHA/Content/StarterContent/Props/Materials/M_Statue.uasset" 955
"../../../UWOT_PREALPHA/Content/StarterContent/Props/Materials/M_StatueGlass.uasset" 956
"../../../UWOT_PREALPHA/Content/StarterContent/Props/SM_Statue.uasset" 957
"../../../UWOT_PREALPHA/Content/StarterContent/Textures/T_TableRound_M.uasset" 958
"../../../UWOT_PREALPHA/Content/StarterContent/Textures/T_TableRound_N.uasset" 959
"../../../UWOT_PREALPHA/Content/StarterContent/Props/Materials/M_TableRound.uasset" 960
"../../../UWOT_PREALPHA/Content/StarterContent/Props/SM_TableRound.uasset" 961
"../../../UWOT_PREALPHA/Content/StarterContent/Props/SM_WindowFrame.uasset" 962
"../../../UWOT_PREALPHA/Content/StarterContent/Shapes/Shape_QuadPyramid.uasset" 963
"../../../UWOT_PREALPHA/Content/StarterContent/Shapes/Shape_Sphere.uasset" 964
"../../../UWOT_PREALPHA/Content/Maps/StarterMapTestingGround.umap" 965
"../../../Engine/Content/EngineMaterials/OrientParticle.uasset" 966
"../../../Engine/Content/EngineMaterials/DefaultParticle.uasset" 967
"../../../UWOT_PREALPHA/Content/Elements/Air/ParticleEmitters/AirdarAltFireEffect.uasset" 968
"../../../UWOT_PREALPHA/Content/Elements/Air/Blueprints/AirdarAltFireEffect4_Blueprint.uasset" 969
"../../../UWOT_PREALPHA/Content/AssetTests/Generation_2/Flow/NewFlowMaterial.uasset" 970
"../../../UWOT_PREALPHA/Content/AssetTests/Generation_2/Flow/Shape_Sphere_Blueprint.uasset" 971
"../../../UWOT_PREALPHA/Content/AssetTests/Generation_2/Flow/Shape_Sphere_Blueprint1.uasset" 972
"../../../UWOT_PREALPHA/Content/AssetTests/Generation_2/Flow/Shape_Sphere_Blueprint2.uasset" 973
"../../../UWOT_PREALPHA/Content/Temp_Assets/Geometry/Meshes/1M_Cube.uasset" 974
"../../../UWOT_PREALPHA/Content/Temp_Assets/Geometry/Meshes/TemplateFloor.uasset" 975
"../../../UWOT_PREALPHA/Content/Maps/Testing_Quickloader.umap" 976
"../../../UWOT_PREALPHA/Content/Maps/Voxel_Landscape_TestingGround.umap" 977
"../../../Engine/Content/Functions/Engine_MaterialFunctions02/ScreenResolution.uasset" 978
"../../../Engine/Content/Functions/Engine_MaterialFunctions02/Utility/VectorLength.uasset" 979
"../../../UWOT_PREALPHA/Content/Materials/Functions/PureFresnel.uasset" 980
"../../../UWOT_PREALPHA/Content/Textures/AboveWaterPlanarReflectionTex.uasset" 981
"../../../UWOT_PREALPHA/Content/Materials/Functions/AboveWaterPlanarReflection.uasset" 982
"../../../UWOT_PREALPHA/Content/Materials/Functions/AboveWaterRefraction.uasset" 983
"../../../UWOT_PREALPHA/Content/Textures/skybox_cube_Tex.uasset" 984
"../../../UWOT_PREALPHA/Content/Materials/Functions/AboveWaterSkyboxReflection.uasset" 985
"../../../UWOT_PREALPHA/Content/Materials/Functions/AboveWaterSpecular.uasset" 986
"../../../UWOT_PREALPHA/Content/Materials/Functions/distortion_uv.uasset" 987
"../../../UWOT_PREALPHA/Content/Materials/Functions/foam_diffuse_color.uasset" 988
"../../../UWOT_PREALPHA/Content/Textures/foam.uasset" 989
"../../../UWOT_PREALPHA/Content/Textures/foam_intensity_perlin2.uasset" 990
"../../../UWOT_PREALPHA/Content/Materials/Functions/foam_intensity.uasset" 991
"../../../UWOT_PREALPHA/Content/Materials/Functions/RefractionVector.uasset" 992
"../../../UWOT_PREALPHA/Content/Materials/Functions/UnderWaterPlanarReflection.uasset" 993
"../../../UWOT_PREALPHA/Content/Textures/SkyboxCubeMap.uasset" 994
"../../../UWOT_PREALPHA/Content/Materials/Functions/UnderWaterRefraction.uasset" 995
"../../../UWOT_PREALPHA/Content/Materials/Functions/UnderWaterSpecular.uasset" 996
"../../../UWOT_PREALPHA/Content/Materials/OceanMaterial.uasset" 997
"../../../UWOT_PREALPHA/Content/ShoreLine/ShorelineTex.uasset" 998
"../../../UWOT_PREALPHA/Content/waveworks.uasset" 999
"../../../UWOT_PREALPHA/Content/BP/WaveWorksActor_Blueprint.uasset" 1000
"../../../UWOT_PREALPHA/Content/Maps/Arena_0/Arena_0_landscape_BuiltData.uasset" 1001
"../../../UWOT_PREALPHA/Content/Maps/Arena_0/Arena_0_landscape.umap" 1002
"../../../UWOT_PREALPHA/Content/Maps/Arena_0/Arena_0_Landscape_proto/Arena_0_Landscape_proto_x0_y0_BuiltData.uasset" 1003
"../../../Engine/Content/EngineMaterials/DefaultPhysicalMaterial.uasset" 1004
"../../../UWOT_PREALPHA/Content/Maps/Arena_0/Arena_0_Landscape_proto/Arena_0_Landscape_proto_x0_y0.umap" 1005
"../../../UWOT_PREALPHA/Content/Maps/Arena_0/Arena_0_Landscape_proto/Arena_0_Landscape_proto_x0_y1_BuiltData.uasset" 1006
"../../../UWOT_PREALPHA/Content/Maps/Arena_0/Arena_0_Landscape_proto/Arena_0_Landscape_proto_x0_y1.umap" 1007
"../../../UWOT_PREALPHA/Content/Maps/Arena_0/Arena_0_Landscape_proto/Arena_0_Landscape_proto_x1_y0_BuiltData.uasset" 1008
"../../../UWOT_PREALPHA/Content/Maps/Arena_0/Arena_0_Landscape_proto/Arena_0_Landscape_proto_x1_y0.umap" 1009
"../../../UWOT_PREALPHA/Content/Maps/Arena_0/Arena_0_Landscape_proto/Arena_0_Landscape_proto_x1_y1_BuiltData.uasset" 1010
"../../../UWOT_PREALPHA/Content/Maps/Arena_0/Arena_0_Landscape_proto/Arena_0_Landscape_proto_x1_y1.umap" 1011
"../../../UWOT_PREALPHA/Content/Maps/Test_1/Test_1_x0_y0.umap" 1012
"../../../UWOT_PREALPHA/Content/Maps/Test_1/Test_1_x1_y0.umap" 1013
"../../../UWOT_PREALPHA/Content/SourceAssets/Materials/PM_Concrete.uasset" 1014
"../../../UWOT_PREALPHA/Content/SourceAssets/Materials/M_Concrete_Tiles.uasset" 1015
"../../../UWOT_PREALPHA/Content/SourceAssets/Materials/M_Rock.uasset" 1016
"../../../UWOT_PREALPHA/Content/AssetTests/BlastAssets/BM_Wall_Door.uasset" 1017
"../../../UWOT_PREALPHA/Content/CastlePieces/FM_ARENA_0_Castle_0_side.uasset" 1018
"../../../UWOT_PREALPHA/Content/CastlePieces/FM_ARENA_0_Castle_0_side_crenels.uasset" 1019
"../../../UWOT_PREALPHA/Content/CastlePieces/FM_ARENA_0_Castle_0_side_crenels_cutshort.uasset" 1020
"../../../UWOT_PREALPHA/Content/CastlePieces/FM_ARENA_0_Castle_0_side_crenels_small_piece_bottom_only.uasset" 1021
"../../../UWOT_PREALPHA/Content/CastlePieces/FM_ARENA_0_Castle_0_side_LONGER_SLOTTED_WALL.uasset" 1022
"../../../UWOT_PREALPHA/Content/CastlePieces/FM_ARENA_0_Castle_0_TowerTopCrenel.uasset" 1023
"../../../UWOT_PREALPHA/Content/CastlePieces/FM_ARENA_0_Castle_0_wallWithSlot.uasset" 1024
"../../../UWOT_PREALPHA/Content/CastlePieces/SupportTriangleStoneSmall_0.uasset" 1025
"../../../UWOT_PREALPHA/Content/CastlePieces/Arena_0.umap" 1026
"../../../UWOT_PREALPHA/Content/StarterContent/Blueprints/Assets/FogBrightnessLUT.uasset" 1027
"../../../UWOT_PREALPHA/Content/StarterContent/Blueprints/Assets/SunlightColorLUT.uasset" 1028
"../../../UWOT_PREALPHA/Content/StarterContent/Blueprints/Assets/M_LightStage_Arrows.uasset" 1029
"../../../Engine/Content/MapTemplates/Sky/DaylightAmbientCubemap.uasset" 1030
"../../../UWOT_PREALPHA/Content/StarterContent/Blueprints/Assets/M_LightStage_Skybox_Master.uasset" 1031
"../../../UWOT_PREALPHA/Content/StarterContent/Blueprints/Assets/M_LightStage_Skybox_Black.uasset" 1032
"../../../UWOT_PREALPHA/Content/StarterContent/Blueprints/Assets/M_LightStage_Skybox_HDRI.uasset" 1033
"../../../Engine/Content/EditorMaterials/Thumbnails/SkySphereMaterial.uasset" 1034
"../../../UWOT_PREALPHA/Content/StarterContent/Blueprints/Assets/Skybox.uasset" 1035
"../../../UWOT_PREALPHA/Content/StarterContent/Blueprints/Assets/SM_Arrows.uasset" 1036
"../../../UWOT_PREALPHA/Content/StarterContent/HDRI/HDRI_Epic_Courtyard_Daylight.uasset" 1037
"../../../UWOT_PREALPHA/Content/StarterContent/Blueprints/BP_LightStudio.uasset" 1038
"../../../UWOT_PREALPHA/Content/StarterContent/Maps/Advanced_Lighting_BuiltData.uasset" 1039
"../../../UWOT_PREALPHA/Content/StarterContent/Materials/M_AssetPlatform.uasset" 1040
"../../../Engine/Content/EditorMeshes/ColorCalibrator/M_ChromeBall.uasset" 1041
"../../../Engine/Content/EditorMeshes/ColorCalibrator/M_ClearCoat.uasset" 1042
"../../../Engine/Content/EditorMeshes/ColorCalibrator/M_ClearCoatBlack.uasset" 1043
"../../../Engine/Content/EditorMeshes/ColorCalibrator/Color_checker.uasset" 1044
"../../../Engine/Content/EditorMeshes/ColorCalibrator/M_ColorGrid.uasset" 1045
"../../../Engine/Content/EditorMeshes/ColorCalibrator/M_GreyBall.uasset" 1046
"../../../Engine/Content/EditorMeshes/ColorCalibrator/SM_ColorCalibrator.uasset" 1047
"../../../UWOT_PREALPHA/Content/StarterContent/Architecture/SM_AssetPlatform.uasset" 1048
"../../../UWOT_PREALPHA/Content/StarterContent/Maps/Advanced_Lighting.umap" 1049
"../../../UWOT_PREALPHA/Content/StarterContent/Maps/Minimal_Default_BuiltData.uasset" 1050
"../../../UWOT_PREALPHA/Content/StarterContent/Maps/Minimal_Default.umap" 1051
"../../../UWOT_PREALPHA/Content/StarterContent/Maps/StarterMap_BuiltData.uasset" 1052
"../../../UWOT_PREALPHA/Content/StarterContent/Maps/StarterMap.umap" 1053
"../../../UWOT_PREALPHA/Content/System/MaINMenu_mode.uasset" 1054
"../../../UWOT_PREALPHA/Content/StarterContent/Maps/StartingMap_BuiltData.uasset" 1055
"../../../UWOT_PREALPHA/Content/StarterContent/Maps/StartingMap.umap" 1056
"../../../UWOT_PREALPHA/Content/ThirdPersonCPP/Maps/ThirdPersonExampleMap_BuiltData.uasset" 1057
"../../../UWOT_PREALPHA/Content/ThirdPerson/Meshes/RampMaterial.uasset" 1058
"../../../UWOT_PREALPHA/Content/ThirdPerson/Meshes/Bump_StaticMesh.uasset" 1059
"../../../UWOT_PREALPHA/Content/ThirdPerson/Meshes/LeftArm_StaticMesh.uasset" 1060
"../../../UWOT_PREALPHA/Content/ThirdPerson/Meshes/Linear_Stair_StaticMesh.uasset" 1061
"../../../UWOT_PREALPHA/Content/ThirdPerson/Meshes/Ramp_StaticMesh.uasset" 1062
"../../../UWOT_PREALPHA/Content/ThirdPerson/Meshes/RightArm_StaticMesh.uasset" 1063
"../../../UWOT_PREALPHA/Content/ThirdPersonCPP/Maps/ThirdPersonExampleMap.umap" 1064
"../../../Engine/Content/Maps/Entry.umap" 1065
